{"X:\\PP\\abdul-baseer-mern-10pshine\\backend\\src\\app.js":{"path":"X:\\PP\\abdul-baseer-mern-10pshine\\backend\\src\\app.js","statementMap":{"0":{"start":{"line":1,"column":16},"end":{"line":1,"column":34}},"1":{"start":{"line":2,"column":13},"end":{"line":2,"column":28}},"2":{"start":{"line":3,"column":13},"end":{"line":3,"column":33}},"3":{"start":{"line":4,"column":22},"end":{"line":4,"column":70}},"4":{"start":{"line":5,"column":21},"end":{"line":5,"column":68}},"5":{"start":{"line":6,"column":15},"end":{"line":6,"column":40}},"6":{"start":{"line":8,"column":12},"end":{"line":8,"column":21}},"7":{"start":{"line":9,"column":0},"end":{"line":9,"column":28}},"8":{"start":{"line":12,"column":0},"end":{"line":32,"column":4}},"9":{"start":{"line":14,"column":27},"end":{"line":19,"column":5}},"10":{"start":{"line":21,"column":4},"end":{"line":29,"column":5}},"11":{"start":{"line":22,"column":6},"end":{"line":22,"column":27}},"12":{"start":{"line":25,"column":20},"end":{"line":25,"column":71}},"13":{"start":{"line":26,"column":6},"end":{"line":26,"column":25}},"14":{"start":{"line":27,"column":6},"end":{"line":27,"column":81}},"15":{"start":{"line":28,"column":6},"end":{"line":28,"column":22}},"16":{"start":{"line":34,"column":0},"end":{"line":34,"column":24}},"17":{"start":{"line":35,"column":0},"end":{"line":35,"column":48}},"18":{"start":{"line":38,"column":0},"end":{"line":38,"column":23}},"19":{"start":{"line":41,"column":0},"end":{"line":41,"column":72}},"20":{"start":{"line":44,"column":0},"end":{"line":44,"column":27}},"21":{"start":{"line":47,"column":0},"end":{"line":61,"column":3}},"22":{"start":{"line":48,"column":2},"end":{"line":60,"column":3}},"23":{"start":{"line":49,"column":4},"end":{"line":52,"column":7}},"24":{"start":{"line":55,"column":4},"end":{"line":55,"column":79}},"25":{"start":{"line":56,"column":4},"end":{"line":59,"column":7}},"26":{"start":{"line":64,"column":0},"end":{"line":70,"column":3}},"27":{"start":{"line":65,"column":2},"end":{"line":69,"column":5}},"28":{"start":{"line":73,"column":0},"end":{"line":73,"column":22}},"29":{"start":{"line":75,"column":0},"end":{"line":75,"column":21}}},"fnMap":{"0":{"name":"(anonymous_0)","decl":{"start":{"line":13,"column":10},"end":{"line":13,"column":11}},"loc":{"start":{"line":13,"column":32},"end":{"line":30,"column":3}},"line":13},"1":{"name":"(anonymous_1)","decl":{"start":{"line":47,"column":19},"end":{"line":47,"column":20}},"loc":{"start":{"line":47,"column":33},"end":{"line":61,"column":1}},"line":47},"2":{"name":"(anonymous_2)","decl":{"start":{"line":64,"column":8},"end":{"line":64,"column":9}},"loc":{"start":{"line":64,"column":22},"end":{"line":70,"column":1}},"line":64}},"branchMap":{"0":{"loc":{"start":{"line":21,"column":4},"end":{"line":29,"column":5}},"type":"if","locations":[{"start":{"line":21,"column":4},"end":{"line":29,"column":5}},{"start":{"line":23,"column":11},"end":{"line":29,"column":5}}],"line":21},"1":{"loc":{"start":{"line":21,"column":8},"end":{"line":21,"column":50}},"type":"binary-expr","locations":[{"start":{"line":21,"column":8},"end":{"line":21,"column":15}},{"start":{"line":21,"column":19},"end":{"line":21,"column":50}}],"line":21}},"s":{"0":0,"1":0,"2":0,"3":0,"4":0,"5":0,"6":0,"7":0,"8":0,"9":0,"10":0,"11":0,"12":0,"13":0,"14":0,"15":0,"16":0,"17":0,"18":0,"19":0,"20":0,"21":0,"22":0,"23":0,"24":0,"25":0,"26":0,"27":0,"28":0,"29":0},"f":{"0":0,"1":0,"2":0},"b":{"0":[0,0],"1":[0,0]},"all":true},"X:\\PP\\abdul-baseer-mern-10pshine\\backend\\src\\config\\db.js":{"path":"X:\\PP\\abdul-baseer-mern-10pshine\\backend\\src\\config\\db.js","statementMap":{"0":{"start":{"line":1,"column":17},"end":{"line":1,"column":36}},"1":{"start":{"line":2,"column":15},"end":{"line":2,"column":34}},"2":{"start":{"line":3,"column":22},"end":{"line":3,"column":38}},"3":{"start":{"line":5,"column":18},"end":{"line":13,"column":1}},"4":{"start":{"line":6,"column":2},"end":{"line":12,"column":3}},"5":{"start":{"line":7,"column":17},"end":{"line":7,"column":50}},"6":{"start":{"line":8,"column":4},"end":{"line":8,"column":62}},"7":{"start":{"line":10,"column":4},"end":{"line":10,"column":62}},"8":{"start":{"line":11,"column":4},"end":{"line":11,"column":20}},"9":{"start":{"line":15,"column":0},"end":{"line":15,"column":27}}},"fnMap":{"0":{"name":"(anonymous_0)","decl":{"start":{"line":5,"column":18},"end":{"line":5,"column":19}},"loc":{"start":{"line":5,"column":30},"end":{"line":13,"column":1}},"line":5}},"branchMap":{},"s":{"0":0,"1":0,"2":0,"3":0,"4":0,"5":0,"6":0,"7":0,"8":0,"9":0},"f":{"0":0},"b":{},"all":true},"X:\\PP\\abdul-baseer-mern-10pshine\\backend\\src\\config\\env.js":{"path":"X:\\PP\\abdul-baseer-mern-10pshine\\backend\\src\\config\\env.js","statementMap":{"0":{"start":{"line":1,"column":0},"end":{"line":1,"column":27}},"1":{"start":{"line":3,"column":24},"end":{"line":3,"column":59}},"2":{"start":{"line":5,"column":0},"end":{"line":9,"column":3}},"3":{"start":{"line":6,"column":2},"end":{"line":8,"column":3}},"4":{"start":{"line":7,"column":4},"end":{"line":7,"column":69}},"5":{"start":{"line":11,"column":0},"end":{"line":24,"column":2}}},"fnMap":{"0":{"name":"(anonymous_0)","decl":{"start":{"line":5,"column":24},"end":{"line":5,"column":25}},"loc":{"start":{"line":5,"column":33},"end":{"line":9,"column":1}},"line":5}},"branchMap":{"0":{"loc":{"start":{"line":6,"column":2},"end":{"line":8,"column":3}},"type":"if","locations":[{"start":{"line":6,"column":2},"end":{"line":8,"column":3}},{"start":{},"end":{}}],"line":6},"1":{"loc":{"start":{"line":12,"column":8},"end":{"line":12,"column":32}},"type":"binary-expr","locations":[{"start":{"line":12,"column":8},"end":{"line":12,"column":24}},{"start":{"line":12,"column":28},"end":{"line":12,"column":32}}],"line":12},"2":{"loc":{"start":{"line":15,"column":18},"end":{"line":15,"column":52}},"type":"binary-expr","locations":[{"start":{"line":15,"column":18},"end":{"line":15,"column":44}},{"start":{"line":15,"column":48},"end":{"line":15,"column":52}}],"line":15},"3":{"loc":{"start":{"line":16,"column":12},"end":{"line":16,"column":49}},"type":"binary-expr","locations":[{"start":{"line":16,"column":12},"end":{"line":16,"column":32}},{"start":{"line":16,"column":36},"end":{"line":16,"column":49}}],"line":16},"4":{"loc":{"start":{"line":17,"column":13},"end":{"line":17,"column":44}},"type":"binary-expr","locations":[{"start":{"line":17,"column":13},"end":{"line":17,"column":34}},{"start":{"line":17,"column":38},"end":{"line":17,"column":44}}],"line":17}},"s":{"0":0,"1":0,"2":0,"3":0,"4":0,"5":0},"f":{"0":0},"b":{"0":[0,0],"1":[0,0],"2":[0,0],"3":[0,0],"4":[0,0]},"all":true},"X:\\PP\\abdul-baseer-mern-10pshine\\backend\\src\\config\\logger.js":{"path":"X:\\PP\\abdul-baseer-mern-10pshine\\backend\\src\\config\\logger.js","statementMap":{"0":{"start":{"line":1,"column":13},"end":{"line":1,"column":28}},"1":{"start":{"line":3,"column":15},"end":{"line":10,"column":2}},"2":{"start":{"line":12,"column":0},"end":{"line":12,"column":24}}},"fnMap":{},"branchMap":{"0":{"loc":{"start":{"line":4,"column":9},"end":{"line":4,"column":40}},"type":"binary-expr","locations":[{"start":{"line":4,"column":9},"end":{"line":4,"column":30}},{"start":{"line":4,"column":34},"end":{"line":4,"column":40}}],"line":4},"1":{"loc":{"start":{"line":7,"column":4},"end":{"line":9,"column":62}},"type":"cond-expr","locations":[{"start":{"line":8,"column":8},"end":{"line":8,"column":17}},{"start":{"line":9,"column":8},"end":{"line":9,"column":62}}],"line":7}},"s":{"0":0,"1":0,"2":0},"f":{},"b":{"0":[0,0],"1":[0,0]},"all":true},"X:\\PP\\abdul-baseer-mern-10pshine\\backend\\src\\config\\socket.js":{"path":"X:\\PP\\abdul-baseer-mern-10pshine\\backend\\src\\config\\socket.js","statementMap":{"0":{"start":{"line":2,"column":19},"end":{"line":2,"column":39}},"1":{"start":{"line":6,"column":19},"end":{"line":30,"column":1}},"2":{"start":{"line":7,"column":2},"end":{"line":13,"column":5}},"3":{"start":{"line":15,"column":2},"end":{"line":27,"column":5}},"4":{"start":{"line":19,"column":4},"end":{"line":22,"column":7}},"5":{"start":{"line":20,"column":6},"end":{"line":20,"column":26}},"6":{"start":{"line":24,"column":4},"end":{"line":26,"column":7}},"7":{"start":{"line":29,"column":2},"end":{"line":29,"column":12}},"8":{"start":{"line":33,"column":14},"end":{"line":36,"column":1}},"9":{"start":{"line":34,"column":2},"end":{"line":34,"column":56}},"10":{"start":{"line":34,"column":11},"end":{"line":34,"column":56}},"11":{"start":{"line":35,"column":2},"end":{"line":35,"column":12}},"12":{"start":{"line":38,"column":0},"end":{"line":38,"column":39}}},"fnMap":{"0":{"name":"(anonymous_0)","decl":{"start":{"line":6,"column":19},"end":{"line":6,"column":20}},"loc":{"start":{"line":6,"column":35},"end":{"line":30,"column":1}},"line":6},"1":{"name":"(anonymous_1)","decl":{"start":{"line":15,"column":22},"end":{"line":15,"column":23}},"loc":{"start":{"line":15,"column":34},"end":{"line":27,"column":3}},"line":15},"2":{"name":"(anonymous_2)","decl":{"start":{"line":19,"column":22},"end":{"line":19,"column":23}},"loc":{"start":{"line":19,"column":34},"end":{"line":22,"column":5}},"line":19},"3":{"name":"(anonymous_3)","decl":{"start":{"line":24,"column":28},"end":{"line":24,"column":29}},"loc":{"start":{"line":24,"column":34},"end":{"line":26,"column":5}},"line":24},"4":{"name":"(anonymous_4)","decl":{"start":{"line":33,"column":14},"end":{"line":33,"column":15}},"loc":{"start":{"line":33,"column":20},"end":{"line":36,"column":1}},"line":33}},"branchMap":{"0":{"loc":{"start":{"line":9,"column":14},"end":{"line":9,"column":63}},"type":"binary-expr","locations":[{"start":{"line":9,"column":14},"end":{"line":9,"column":36}},{"start":{"line":9,"column":40},"end":{"line":9,"column":63}}],"line":9},"1":{"loc":{"start":{"line":34,"column":2},"end":{"line":34,"column":56}},"type":"if","locations":[{"start":{"line":34,"column":2},"end":{"line":34,"column":56}},{"start":{},"end":{}}],"line":34}},"s":{"0":0,"1":0,"2":0,"3":0,"4":0,"5":0,"6":0,"7":0,"8":0,"9":0,"10":0,"11":0,"12":0},"f":{"0":0,"1":0,"2":0,"3":0,"4":0},"b":{"0":[0,0],"1":[0,0]},"all":true},"X:\\PP\\abdul-baseer-mern-10pshine\\backend\\src\\controllers\\auth.controller.js":{"path":"X:\\PP\\abdul-baseer-mern-10pshine\\backend\\src\\controllers\\auth.controller.js","statementMap":{"0":{"start":{"line":1,"column":21},"end":{"line":1,"column":53}},"1":{"start":{"line":2,"column":20},"end":{"line":2,"column":51}},"2":{"start":{"line":3,"column":67},"end":{"line":3,"column":102}},"3":{"start":{"line":4,"column":17},"end":{"line":4,"column":45}},"4":{"start":{"line":9,"column":27},"end":{"line":21,"column":1}},"5":{"start":{"line":10,"column":2},"end":{"line":10,"column":25}},"6":{"start":{"line":10,"column":13},"end":{"line":10,"column":25}},"7":{"start":{"line":12,"column":18},"end":{"line":12,"column":63}},"8":{"start":{"line":15,"column":2},"end":{"line":18,"column":3}},"9":{"start":{"line":16,"column":20},"end":{"line":16,"column":70}},"10":{"start":{"line":17,"column":4},"end":{"line":17,"column":63}},"11":{"start":{"line":20,"column":2},"end":{"line":20,"column":17}},"12":{"start":{"line":23,"column":15},"end":{"line":30,"column":2}},"13":{"start":{"line":24,"column":36},"end":{"line":24,"column":44}},"14":{"start":{"line":25,"column":17},"end":{"line":25,"column":58}},"15":{"start":{"line":27,"column":2},"end":{"line":29,"column":94}},"16":{"start":{"line":32,"column":18},"end":{"line":39,"column":2}},"17":{"start":{"line":33,"column":30},"end":{"line":33,"column":38}},"18":{"start":{"line":34,"column":17},"end":{"line":34,"column":49}},"19":{"start":{"line":36,"column":2},"end":{"line":38,"column":60}},"20":{"start":{"line":41,"column":15},"end":{"line":45,"column":2}},"21":{"start":{"line":42,"column":2},"end":{"line":44,"column":65}},"22":{"start":{"line":47,"column":14},"end":{"line":53,"column":2}},"23":{"start":{"line":48,"column":24},"end":{"line":48,"column":52}},"24":{"start":{"line":50,"column":2},"end":{"line":52,"column":76}},"25":{"start":{"line":55,"column":20},"end":{"line":67,"column":2}},"26":{"start":{"line":56,"column":29},"end":{"line":56,"column":37}},"27":{"start":{"line":58,"column":2},"end":{"line":60,"column":3}},"28":{"start":{"line":59,"column":4},"end":{"line":59,"column":62}},"29":{"start":{"line":62,"column":2},"end":{"line":62,"column":32}},"30":{"start":{"line":64,"column":2},"end":{"line":66,"column":63}},"31":{"start":{"line":69,"column":25},"end":{"line":81,"column":2}},"32":{"start":{"line":70,"column":34},"end":{"line":70,"column":42}},"33":{"start":{"line":72,"column":2},"end":{"line":74,"column":3}},"34":{"start":{"line":73,"column":4},"end":{"line":73,"column":68}},"35":{"start":{"line":76,"column":2},"end":{"line":76,"column":43}},"36":{"start":{"line":78,"column":2},"end":{"line":80,"column":67}},"37":{"start":{"line":83,"column":26},"end":{"line":95,"column":2}},"38":{"start":{"line":84,"column":33},"end":{"line":84,"column":41}},"39":{"start":{"line":86,"column":2},"end":{"line":88,"column":3}},"40":{"start":{"line":87,"column":4},"end":{"line":87,"column":67}},"41":{"start":{"line":90,"column":2},"end":{"line":90,"column":42}},"42":{"start":{"line":92,"column":2},"end":{"line":94,"column":69}},"43":{"start":{"line":97,"column":0},"end":{"line":97,"column":104}}},"fnMap":{"0":{"name":"(anonymous_0)","decl":{"start":{"line":9,"column":27},"end":{"line":9,"column":28}},"loc":{"start":{"line":9,"column":37},"end":{"line":21,"column":1}},"line":9},"1":{"name":"(anonymous_1)","decl":{"start":{"line":23,"column":28},"end":{"line":23,"column":29}},"loc":{"start":{"line":23,"column":48},"end":{"line":30,"column":1}},"line":23},"2":{"name":"(anonymous_2)","decl":{"start":{"line":32,"column":31},"end":{"line":32,"column":32}},"loc":{"start":{"line":32,"column":51},"end":{"line":39,"column":1}},"line":32},"3":{"name":"(anonymous_3)","decl":{"start":{"line":41,"column":28},"end":{"line":41,"column":29}},"loc":{"start":{"line":41,"column":48},"end":{"line":45,"column":1}},"line":41},"4":{"name":"(anonymous_4)","decl":{"start":{"line":47,"column":27},"end":{"line":47,"column":28}},"loc":{"start":{"line":47,"column":47},"end":{"line":53,"column":1}},"line":47},"5":{"name":"(anonymous_5)","decl":{"start":{"line":55,"column":33},"end":{"line":55,"column":34}},"loc":{"start":{"line":55,"column":53},"end":{"line":67,"column":1}},"line":55},"6":{"name":"(anonymous_6)","decl":{"start":{"line":69,"column":38},"end":{"line":69,"column":39}},"loc":{"start":{"line":69,"column":58},"end":{"line":81,"column":1}},"line":69},"7":{"name":"(anonymous_7)","decl":{"start":{"line":83,"column":39},"end":{"line":83,"column":40}},"loc":{"start":{"line":83,"column":59},"end":{"line":95,"column":1}},"line":83}},"branchMap":{"0":{"loc":{"start":{"line":10,"column":2},"end":{"line":10,"column":25}},"type":"if","locations":[{"start":{"line":10,"column":2},"end":{"line":10,"column":25}},{"start":{},"end":{}}],"line":10},"1":{"loc":{"start":{"line":12,"column":18},"end":{"line":12,"column":63}},"type":"cond-expr","locations":[{"start":{"line":12,"column":34},"end":{"line":12,"column":49}},{"start":{"line":12,"column":52},"end":{"line":12,"column":63}}],"line":12},"2":{"loc":{"start":{"line":15,"column":2},"end":{"line":18,"column":3}},"type":"if","locations":[{"start":{"line":15,"column":2},"end":{"line":18,"column":3}},{"start":{},"end":{}}],"line":15},"3":{"loc":{"start":{"line":15,"column":6},"end":{"line":15,"column":70}},"type":"binary-expr","locations":[{"start":{"line":15,"column":6},"end":{"line":15,"column":26}},{"start":{"line":15,"column":30},"end":{"line":15,"column":70}}],"line":15},"4":{"loc":{"start":{"line":16,"column":20},"end":{"line":16,"column":70}},"type":"binary-expr","locations":[{"start":{"line":16,"column":20},"end":{"line":16,"column":43}},{"start":{"line":16,"column":47},"end":{"line":16,"column":70}}],"line":16},"5":{"loc":{"start":{"line":58,"column":2},"end":{"line":60,"column":3}},"type":"if","locations":[{"start":{"line":58,"column":2},"end":{"line":60,"column":3}},{"start":{},"end":{}}],"line":58},"6":{"loc":{"start":{"line":58,"column":6},"end":{"line":58,"column":24}},"type":"binary-expr","locations":[{"start":{"line":58,"column":6},"end":{"line":58,"column":12}},{"start":{"line":58,"column":16},"end":{"line":58,"column":24}}],"line":58},"7":{"loc":{"start":{"line":72,"column":2},"end":{"line":74,"column":3}},"type":"if","locations":[{"start":{"line":72,"column":2},"end":{"line":74,"column":3}},{"start":{},"end":{}}],"line":72},"8":{"loc":{"start":{"line":72,"column":6},"end":{"line":72,"column":32}},"type":"binary-expr","locations":[{"start":{"line":72,"column":6},"end":{"line":72,"column":12}},{"start":{"line":72,"column":16},"end":{"line":72,"column":20}},{"start":{"line":72,"column":24},"end":{"line":72,"column":32}}],"line":72},"9":{"loc":{"start":{"line":86,"column":2},"end":{"line":88,"column":3}},"type":"if","locations":[{"start":{"line":86,"column":2},"end":{"line":88,"column":3}},{"start":{},"end":{}}],"line":86},"10":{"loc":{"start":{"line":86,"column":6},"end":{"line":86,"column":28}},"type":"binary-expr","locations":[{"start":{"line":86,"column":6},"end":{"line":86,"column":12}},{"start":{"line":86,"column":16},"end":{"line":86,"column":28}}],"line":86}},"s":{"0":0,"1":0,"2":0,"3":0,"4":0,"5":0,"6":0,"7":0,"8":0,"9":0,"10":0,"11":0,"12":0,"13":0,"14":0,"15":0,"16":0,"17":0,"18":0,"19":0,"20":0,"21":0,"22":0,"23":0,"24":0,"25":0,"26":0,"27":0,"28":0,"29":0,"30":0,"31":0,"32":0,"33":0,"34":0,"35":0,"36":0,"37":0,"38":0,"39":0,"40":0,"41":0,"42":0,"43":0},"f":{"0":0,"1":0,"2":0,"3":0,"4":0,"5":0,"6":0,"7":0},"b":{"0":[0,0],"1":[0,0],"2":[0,0],"3":[0,0],"4":[0,0],"5":[0,0],"6":[0,0],"7":[0,0],"8":[0,0,0],"9":[0,0],"10":[0,0]},"all":true},"X:\\PP\\abdul-baseer-mern-10pshine\\backend\\src\\controllers\\notes.controller.js":{"path":"X:\\PP\\abdul-baseer-mern-10pshine\\backend\\src\\controllers\\notes.controller.js","statementMap":{"0":{"start":{"line":1,"column":21},"end":{"line":1,"column":53}},"1":{"start":{"line":2,"column":21},"end":{"line":2,"column":52}},"2":{"start":{"line":3,"column":21},"end":{"line":3,"column":57}},"3":{"start":{"line":4,"column":21},"end":{"line":4,"column":48}},"4":{"start":{"line":5,"column":21},"end":{"line":5,"column":43}},"5":{"start":{"line":8,"column":19},"end":{"line":12,"column":2}},"6":{"start":{"line":9,"column":15},"end":{"line":9,"column":64}},"7":{"start":{"line":10,"column":2},"end":{"line":10,"column":65}},"8":{"start":{"line":11,"column":2},"end":{"line":11,"column":87}},"9":{"start":{"line":15,"column":20},"end":{"line":21,"column":2}},"10":{"start":{"line":16,"column":15},"end":{"line":16,"column":56}},"11":{"start":{"line":17,"column":15},"end":{"line":17,"column":57}},"12":{"start":{"line":18,"column":17},"end":{"line":18,"column":48}},"13":{"start":{"line":19,"column":17},"end":{"line":19,"column":77}},"14":{"start":{"line":20,"column":2},"end":{"line":20,"column":90}},"15":{"start":{"line":24,"column":20},"end":{"line":27,"column":2}},"16":{"start":{"line":25,"column":15},"end":{"line":25,"column":69}},"17":{"start":{"line":26,"column":2},"end":{"line":26,"column":87}},"18":{"start":{"line":30,"column":19},"end":{"line":34,"column":2}},"19":{"start":{"line":31,"column":15},"end":{"line":31,"column":79}},"20":{"start":{"line":32,"column":2},"end":{"line":32,"column":65}},"21":{"start":{"line":33,"column":2},"end":{"line":33,"column":87}},"22":{"start":{"line":37,"column":19},"end":{"line":41,"column":2}},"23":{"start":{"line":38,"column":2},"end":{"line":38,"column":57}},"24":{"start":{"line":39,"column":2},"end":{"line":39,"column":82}},"25":{"start":{"line":40,"column":2},"end":{"line":40,"column":87}},"26":{"start":{"line":45,"column":20},"end":{"line":71,"column":2}},"27":{"start":{"line":46,"column":17},"end":{"line":46,"column":69}},"28":{"start":{"line":47,"column":17},"end":{"line":47,"column":39}},"29":{"start":{"line":52,"column":21},"end":{"line":64,"column":5}},"30":{"start":{"line":52,"column":145},"end":{"line":64,"column":3}},"31":{"start":{"line":66,"column":18},"end":{"line":66,"column":89}},"32":{"start":{"line":68,"column":2},"end":{"line":68,"column":76}},"33":{"start":{"line":69,"column":2},"end":{"line":69,"column":52}},"34":{"start":{"line":70,"column":2},"end":{"line":70,"column":39}},"35":{"start":{"line":75,"column":20},"end":{"line":150,"column":2}},"36":{"start":{"line":76,"column":20},"end":{"line":76,"column":28}},"37":{"start":{"line":78,"column":2},"end":{"line":80,"column":3}},"38":{"start":{"line":79,"column":4},"end":{"line":79,"column":106}},"39":{"start":{"line":82,"column":21},"end":{"line":82,"column":57}},"40":{"start":{"line":82,"column":41},"end":{"line":82,"column":56}},"41":{"start":{"line":83,"column":2},"end":{"line":85,"column":3}},"42":{"start":{"line":84,"column":4},"end":{"line":84,"column":99}},"43":{"start":{"line":94,"column":24},"end":{"line":94,"column":26}},"44":{"start":{"line":95,"column":23},"end":{"line":95,"column":25}},"45":{"start":{"line":97,"column":2},"end":{"line":136,"column":3}},"46":{"start":{"line":98,"column":22},"end":{"line":98,"column":36}},"47":{"start":{"line":99,"column":23},"end":{"line":107,"column":5}},"48":{"start":{"line":110,"column":4},"end":{"line":123,"column":5}},"49":{"start":{"line":111,"column":27},"end":{"line":111,"column":67}},"50":{"start":{"line":112,"column":6},"end":{"line":120,"column":7}},"51":{"start":{"line":114,"column":8},"end":{"line":118,"column":11}},"52":{"start":{"line":119,"column":8},"end":{"line":119,"column":17}},"53":{"start":{"line":122,"column":6},"end":{"line":122,"column":37}},"54":{"start":{"line":126,"column":4},"end":{"line":135,"column":5}},"55":{"start":{"line":127,"column":22},"end":{"line":127,"column":75}},"56":{"start":{"line":128,"column":6},"end":{"line":128,"column":34}},"57":{"start":{"line":129,"column":6},"end":{"line":129,"column":72}},"58":{"start":{"line":131,"column":6},"end":{"line":134,"column":9}},"59":{"start":{"line":138,"column":2},"end":{"line":149,"column":4}},"60":{"start":{"line":154,"column":20},"end":{"line":172,"column":2}},"61":{"start":{"line":155,"column":15},"end":{"line":155,"column":69}},"62":{"start":{"line":157,"column":2},"end":{"line":165,"column":3}},"63":{"start":{"line":159,"column":4},"end":{"line":159,"column":28}},"64":{"start":{"line":160,"column":4},"end":{"line":160,"column":27}},"65":{"start":{"line":163,"column":4},"end":{"line":163,"column":27}},"66":{"start":{"line":164,"column":4},"end":{"line":164,"column":61}},"67":{"start":{"line":167,"column":2},"end":{"line":167,"column":20}},"68":{"start":{"line":169,"column":2},"end":{"line":171,"column":4}},"69":{"start":{"line":176,"column":22},"end":{"line":186,"column":2}},"70":{"start":{"line":177,"column":15},"end":{"line":177,"column":67}},"71":{"start":{"line":179,"column":2},"end":{"line":183,"column":3}},"72":{"start":{"line":180,"column":4},"end":{"line":182,"column":6}},"73":{"start":{"line":185,"column":2},"end":{"line":185,"column":94}},"74":{"start":{"line":190,"column":18},"end":{"line":202,"column":2}},"75":{"start":{"line":191,"column":15},"end":{"line":191,"column":69}},"76":{"start":{"line":194,"column":2},"end":{"line":194,"column":33}},"77":{"start":{"line":195,"column":2},"end":{"line":195,"column":20}},"78":{"start":{"line":197,"column":2},"end":{"line":197,"column":65}},"79":{"start":{"line":199,"column":2},"end":{"line":201,"column":4}},"80":{"start":{"line":205,"column":0},"end":{"line":216,"column":2}}},"fnMap":{"0":{"name":"(anonymous_0)","decl":{"start":{"line":8,"column":32},"end":{"line":8,"column":33}},"loc":{"start":{"line":8,"column":52},"end":{"line":12,"column":1}},"line":8},"1":{"name":"(anonymous_1)","decl":{"start":{"line":15,"column":33},"end":{"line":15,"column":34}},"loc":{"start":{"line":15,"column":53},"end":{"line":21,"column":1}},"line":15},"2":{"name":"(anonymous_2)","decl":{"start":{"line":24,"column":33},"end":{"line":24,"column":34}},"loc":{"start":{"line":24,"column":53},"end":{"line":27,"column":1}},"line":24},"3":{"name":"(anonymous_3)","decl":{"start":{"line":30,"column":32},"end":{"line":30,"column":33}},"loc":{"start":{"line":30,"column":52},"end":{"line":34,"column":1}},"line":30},"4":{"name":"(anonymous_4)","decl":{"start":{"line":37,"column":32},"end":{"line":37,"column":33}},"loc":{"start":{"line":37,"column":52},"end":{"line":41,"column":1}},"line":37},"5":{"name":"(anonymous_5)","decl":{"start":{"line":45,"column":33},"end":{"line":45,"column":34}},"loc":{"start":{"line":45,"column":53},"end":{"line":71,"column":1}},"line":45},"6":{"name":"(anonymous_6)","decl":{"start":{"line":52,"column":31},"end":{"line":52,"column":32}},"loc":{"start":{"line":52,"column":145},"end":{"line":64,"column":3}},"line":52},"7":{"name":"(anonymous_7)","decl":{"start":{"line":75,"column":33},"end":{"line":75,"column":34}},"loc":{"start":{"line":75,"column":53},"end":{"line":150,"column":1}},"line":75},"8":{"name":"(anonymous_8)","decl":{"start":{"line":82,"column":34},"end":{"line":82,"column":35}},"loc":{"start":{"line":82,"column":41},"end":{"line":82,"column":56}},"line":82},"9":{"name":"(anonymous_9)","decl":{"start":{"line":154,"column":33},"end":{"line":154,"column":34}},"loc":{"start":{"line":154,"column":53},"end":{"line":172,"column":1}},"line":154},"10":{"name":"(anonymous_10)","decl":{"start":{"line":176,"column":35},"end":{"line":176,"column":36}},"loc":{"start":{"line":176,"column":55},"end":{"line":186,"column":1}},"line":176},"11":{"name":"(anonymous_11)","decl":{"start":{"line":190,"column":31},"end":{"line":190,"column":32}},"loc":{"start":{"line":190,"column":51},"end":{"line":202,"column":1}},"line":190}},"branchMap":{"0":{"loc":{"start":{"line":16,"column":15},"end":{"line":16,"column":56}},"type":"binary-expr","locations":[{"start":{"line":16,"column":15},"end":{"line":16,"column":50}},{"start":{"line":16,"column":55},"end":{"line":16,"column":56}}],"line":16},"1":{"loc":{"start":{"line":17,"column":15},"end":{"line":17,"column":57}},"type":"binary-expr","locations":[{"start":{"line":17,"column":15},"end":{"line":17,"column":51}},{"start":{"line":17,"column":55},"end":{"line":17,"column":57}}],"line":17},"2":{"loc":{"start":{"line":18,"column":17},"end":{"line":18,"column":48}},"type":"binary-expr","locations":[{"start":{"line":18,"column":17},"end":{"line":18,"column":41}},{"start":{"line":18,"column":46},"end":{"line":18,"column":48}}],"line":18},"3":{"loc":{"start":{"line":47,"column":17},"end":{"line":47,"column":39}},"type":"binary-expr","locations":[{"start":{"line":47,"column":17},"end":{"line":47,"column":29}},{"start":{"line":47,"column":33},"end":{"line":47,"column":39}}],"line":47},"4":{"loc":{"start":{"line":78,"column":2},"end":{"line":80,"column":3}},"type":"if","locations":[{"start":{"line":78,"column":2},"end":{"line":80,"column":3}},{"start":{},"end":{}}],"line":78},"5":{"loc":{"start":{"line":78,"column":6},"end":{"line":78,"column":49}},"type":"binary-expr","locations":[{"start":{"line":78,"column":6},"end":{"line":78,"column":27}},{"start":{"line":78,"column":31},"end":{"line":78,"column":49}}],"line":78},"6":{"loc":{"start":{"line":83,"column":2},"end":{"line":85,"column":3}},"type":"if","locations":[{"start":{"line":83,"column":2},"end":{"line":85,"column":3}},{"start":{},"end":{}}],"line":83},"7":{"loc":{"start":{"line":101,"column":15},"end":{"line":101,"column":30}},"type":"binary-expr","locations":[{"start":{"line":101,"column":15},"end":{"line":101,"column":24}},{"start":{"line":101,"column":28},"end":{"line":101,"column":30}}],"line":101},"8":{"loc":{"start":{"line":104,"column":16},"end":{"line":104,"column":39}},"type":"binary-expr","locations":[{"start":{"line":104,"column":16},"end":{"line":104,"column":26}},{"start":{"line":104,"column":30},"end":{"line":104,"column":39}}],"line":104},"9":{"loc":{"start":{"line":105,"column":18},"end":{"line":105,"column":38}},"type":"binary-expr","locations":[{"start":{"line":105,"column":18},"end":{"line":105,"column":30}},{"start":{"line":105,"column":34},"end":{"line":105,"column":38}}],"line":105},"10":{"loc":{"start":{"line":106,"column":16},"end":{"line":106,"column":35}},"type":"binary-expr","locations":[{"start":{"line":106,"column":16},"end":{"line":106,"column":26}},{"start":{"line":106,"column":30},"end":{"line":106,"column":35}}],"line":106},"11":{"loc":{"start":{"line":110,"column":4},"end":{"line":123,"column":5}},"type":"if","locations":[{"start":{"line":110,"column":4},"end":{"line":123,"column":5}},{"start":{},"end":{}}],"line":110},"12":{"loc":{"start":{"line":110,"column":8},"end":{"line":110,"column":48}},"type":"binary-expr","locations":[{"start":{"line":110,"column":8},"end":{"line":110,"column":16}},{"start":{"line":110,"column":20},"end":{"line":110,"column":48}}],"line":110},"13":{"loc":{"start":{"line":112,"column":6},"end":{"line":120,"column":7}},"type":"if","locations":[{"start":{"line":112,"column":6},"end":{"line":120,"column":7}},{"start":{},"end":{}}],"line":112},"14":{"loc":{"start":{"line":133,"column":16},"end":{"line":133,"column":56}},"type":"binary-expr","locations":[{"start":{"line":133,"column":16},"end":{"line":133,"column":29}},{"start":{"line":133,"column":33},"end":{"line":133,"column":56}}],"line":133},"15":{"loc":{"start":{"line":157,"column":2},"end":{"line":165,"column":3}},"type":"if","locations":[{"start":{"line":157,"column":2},"end":{"line":165,"column":3}},{"start":{"line":161,"column":9},"end":{"line":165,"column":3}}],"line":157},"16":{"loc":{"start":{"line":170,"column":31},"end":{"line":170,"column":95}},"type":"cond-expr","locations":[{"start":{"line":170,"column":47},"end":{"line":170,"column":69}},{"start":{"line":170,"column":72},"end":{"line":170,"column":95}}],"line":170},"17":{"loc":{"start":{"line":179,"column":2},"end":{"line":183,"column":3}},"type":"if","locations":[{"start":{"line":179,"column":2},"end":{"line":183,"column":3}},{"start":{},"end":{}}],"line":179},"18":{"loc":{"start":{"line":200,"column":31},"end":{"line":200,"column":104}},"type":"cond-expr","locations":[{"start":{"line":200,"column":47},"end":{"line":200,"column":73}},{"start":{"line":200,"column":76},"end":{"line":200,"column":104}}],"line":200}},"s":{"0":0,"1":0,"2":0,"3":0,"4":0,"5":0,"6":0,"7":0,"8":0,"9":0,"10":0,"11":0,"12":0,"13":0,"14":0,"15":0,"16":0,"17":0,"18":0,"19":0,"20":0,"21":0,"22":0,"23":0,"24":0,"25":0,"26":0,"27":0,"28":0,"29":0,"30":0,"31":0,"32":0,"33":0,"34":0,"35":0,"36":0,"37":0,"38":0,"39":0,"40":0,"41":0,"42":0,"43":0,"44":0,"45":0,"46":0,"47":0,"48":0,"49":0,"50":0,"51":0,"52":0,"53":0,"54":0,"55":0,"56":0,"57":0,"58":0,"59":0,"60":0,"61":0,"62":0,"63":0,"64":0,"65":0,"66":0,"67":0,"68":0,"69":0,"70":0,"71":0,"72":0,"73":0,"74":0,"75":0,"76":0,"77":0,"78":0,"79":0,"80":0},"f":{"0":0,"1":0,"2":0,"3":0,"4":0,"5":0,"6":0,"7":0,"8":0,"9":0,"10":0,"11":0},"b":{"0":[0,0],"1":[0,0],"2":[0,0],"3":[0,0],"4":[0,0],"5":[0,0],"6":[0,0],"7":[0,0],"8":[0,0],"9":[0,0],"10":[0,0],"11":[0,0],"12":[0,0],"13":[0,0],"14":[0,0],"15":[0,0],"16":[0,0],"17":[0,0],"18":[0,0]},"all":true},"X:\\PP\\abdul-baseer-mern-10pshine\\backend\\src\\controllers\\profile.controller.js":{"path":"X:\\PP\\abdul-baseer-mern-10pshine\\backend\\src\\controllers\\profile.controller.js","statementMap":{"0":{"start":{"line":1,"column":21},"end":{"line":1,"column":53}},"1":{"start":{"line":2,"column":20},"end":{"line":2,"column":51}},"2":{"start":{"line":3,"column":17},"end":{"line":3,"column":45}},"3":{"start":{"line":4,"column":23},"end":{"line":4,"column":50}},"4":{"start":{"line":5,"column":11},"end":{"line":5,"column":29}},"5":{"start":{"line":6,"column":13},"end":{"line":6,"column":33}},"6":{"start":{"line":7,"column":15},"end":{"line":7,"column":42}},"7":{"start":{"line":12,"column":24},"end":{"line":15,"column":1}},"8":{"start":{"line":13,"column":18},"end":{"line":13,"column":68}},"9":{"start":{"line":14,"column":2},"end":{"line":14,"column":51}},"10":{"start":{"line":20,"column":27},"end":{"line":33,"column":2}},"11":{"start":{"line":21,"column":2},"end":{"line":23,"column":3}},"12":{"start":{"line":22,"column":4},"end":{"line":22,"column":54}},"13":{"start":{"line":25,"column":19},"end":{"line":25,"column":53}},"14":{"start":{"line":26,"column":15},"end":{"line":26,"column":73}},"15":{"start":{"line":28,"column":2},"end":{"line":28,"column":89}},"16":{"start":{"line":30,"column":2},"end":{"line":32,"column":77}},"17":{"start":{"line":38,"column":27},"end":{"line":46,"column":2}},"18":{"start":{"line":39,"column":15},"end":{"line":39,"column":69}},"19":{"start":{"line":41,"column":2},"end":{"line":41,"column":78}},"20":{"start":{"line":43,"column":2},"end":{"line":45,"column":76}},"21":{"start":{"line":48,"column":0},"end":{"line":48,"column":60}}},"fnMap":{"0":{"name":"(anonymous_0)","decl":{"start":{"line":12,"column":24},"end":{"line":12,"column":25}},"loc":{"start":{"line":12,"column":38},"end":{"line":15,"column":1}},"line":12},"1":{"name":"(anonymous_1)","decl":{"start":{"line":20,"column":40},"end":{"line":20,"column":41}},"loc":{"start":{"line":20,"column":60},"end":{"line":33,"column":1}},"line":20},"2":{"name":"(anonymous_2)","decl":{"start":{"line":38,"column":40},"end":{"line":38,"column":41}},"loc":{"start":{"line":38,"column":60},"end":{"line":46,"column":1}},"line":38}},"branchMap":{"0":{"loc":{"start":{"line":13,"column":18},"end":{"line":13,"column":68}},"type":"binary-expr","locations":[{"start":{"line":13,"column":18},"end":{"line":13,"column":41}},{"start":{"line":13,"column":45},"end":{"line":13,"column":68}}],"line":13},"1":{"loc":{"start":{"line":21,"column":2},"end":{"line":23,"column":3}},"type":"if","locations":[{"start":{"line":21,"column":2},"end":{"line":23,"column":3}},{"start":{},"end":{}}],"line":21}},"s":{"0":0,"1":0,"2":0,"3":0,"4":0,"5":0,"6":0,"7":0,"8":0,"9":0,"10":0,"11":0,"12":0,"13":0,"14":0,"15":0,"16":0,"17":0,"18":0,"19":0,"20":0,"21":0},"f":{"0":0,"1":0,"2":0},"b":{"0":[0,0],"1":[0,0]},"all":true},"X:\\PP\\abdul-baseer-mern-10pshine\\backend\\src\\controllers\\users.controller.js":{"path":"X:\\PP\\abdul-baseer-mern-10pshine\\backend\\src\\controllers\\users.controller.js","statementMap":{"0":{"start":{"line":1,"column":21},"end":{"line":1,"column":53}},"1":{"start":{"line":2,"column":20},"end":{"line":2,"column":51}},"2":{"start":{"line":3,"column":21},"end":{"line":3,"column":57}},"3":{"start":{"line":5,"column":19},"end":{"line":8,"column":2}},"4":{"start":{"line":6,"column":15},"end":{"line":6,"column":58}},"5":{"start":{"line":7,"column":2},"end":{"line":7,"column":90}},"6":{"start":{"line":10,"column":22},"end":{"line":13,"column":2}},"7":{"start":{"line":11,"column":15},"end":{"line":11,"column":71}},"8":{"start":{"line":12,"column":2},"end":{"line":12,"column":90}},"9":{"start":{"line":15,"column":22},"end":{"line":18,"column":2}},"10":{"start":{"line":16,"column":2},"end":{"line":16,"column":49}},"11":{"start":{"line":17,"column":2},"end":{"line":17,"column":90}},"12":{"start":{"line":20,"column":23},"end":{"line":24,"column":2}},"13":{"start":{"line":21,"column":39},"end":{"line":21,"column":47}},"14":{"start":{"line":22,"column":2},"end":{"line":22,"column":76}},"15":{"start":{"line":23,"column":2},"end":{"line":23,"column":91}},"16":{"start":{"line":26,"column":0},"end":{"line":26,"column":78}}},"fnMap":{"0":{"name":"(anonymous_0)","decl":{"start":{"line":5,"column":32},"end":{"line":5,"column":33}},"loc":{"start":{"line":5,"column":52},"end":{"line":8,"column":1}},"line":5},"1":{"name":"(anonymous_1)","decl":{"start":{"line":10,"column":35},"end":{"line":10,"column":36}},"loc":{"start":{"line":10,"column":55},"end":{"line":13,"column":1}},"line":10},"2":{"name":"(anonymous_2)","decl":{"start":{"line":15,"column":35},"end":{"line":15,"column":36}},"loc":{"start":{"line":15,"column":55},"end":{"line":18,"column":1}},"line":15},"3":{"name":"(anonymous_3)","decl":{"start":{"line":20,"column":36},"end":{"line":20,"column":37}},"loc":{"start":{"line":20,"column":56},"end":{"line":24,"column":1}},"line":20}},"branchMap":{},"s":{"0":0,"1":0,"2":0,"3":0,"4":0,"5":0,"6":0,"7":0,"8":0,"9":0,"10":0,"11":0,"12":0,"13":0,"14":0,"15":0,"16":0},"f":{"0":0,"1":0,"2":0,"3":0},"b":{},"all":true},"X:\\PP\\abdul-baseer-mern-10pshine\\backend\\src\\dal\\notes.dal.js":{"path":"X:\\PP\\abdul-baseer-mern-10pshine\\backend\\src\\dal\\notes.dal.js","statementMap":{"0":{"start":{"line":1,"column":13},"end":{"line":1,"column":44}},"1":{"start":{"line":4,"column":19},"end":{"line":6,"column":1}},"2":{"start":{"line":5,"column":2},"end":{"line":5,"column":37}},"3":{"start":{"line":9,"column":23},"end":{"line":22,"column":1}},"4":{"start":{"line":10,"column":15},"end":{"line":10,"column":33}},"5":{"start":{"line":12,"column":16},"end":{"line":17,"column":3}},"6":{"start":{"line":19,"column":16},"end":{"line":19,"column":86}},"7":{"start":{"line":20,"column":16},"end":{"line":20,"column":48}},"8":{"start":{"line":21,"column":2},"end":{"line":21,"column":39}},"9":{"start":{"line":25,"column":20},"end":{"line":27,"column":1}},"10":{"start":{"line":26,"column":2},"end":{"line":26,"column":33}},"11":{"start":{"line":30,"column":19},"end":{"line":36,"column":1}},"12":{"start":{"line":31,"column":2},"end":{"line":35,"column":4}},"13":{"start":{"line":39,"column":19},"end":{"line":41,"column":1}},"14":{"start":{"line":40,"column":2},"end":{"line":40,"column":42}},"15":{"start":{"line":45,"column":28},"end":{"line":50,"column":1}},"16":{"start":{"line":46,"column":2},"end":{"line":49,"column":32}},"17":{"start":{"line":56,"column":24},"end":{"line":58,"column":1}},"18":{"start":{"line":57,"column":2},"end":{"line":57,"column":40}},"19":{"start":{"line":61,"column":0},"end":{"line":69,"column":2}}},"fnMap":{"0":{"name":"(anonymous_0)","decl":{"start":{"line":4,"column":19},"end":{"line":4,"column":20}},"loc":{"start":{"line":4,"column":39},"end":{"line":6,"column":1}},"line":4},"1":{"name":"(anonymous_1)","decl":{"start":{"line":9,"column":23},"end":{"line":9,"column":24}},"loc":{"start":{"line":9,"column":76},"end":{"line":22,"column":1}},"line":9},"2":{"name":"(anonymous_2)","decl":{"start":{"line":25,"column":20},"end":{"line":25,"column":21}},"loc":{"start":{"line":25,"column":34},"end":{"line":27,"column":1}},"line":25},"3":{"name":"(anonymous_3)","decl":{"start":{"line":30,"column":19},"end":{"line":30,"column":20}},"loc":{"start":{"line":30,"column":45},"end":{"line":36,"column":1}},"line":30},"4":{"name":"(anonymous_4)","decl":{"start":{"line":39,"column":19},"end":{"line":39,"column":20}},"loc":{"start":{"line":39,"column":33},"end":{"line":41,"column":1}},"line":39},"5":{"name":"(anonymous_5)","decl":{"start":{"line":45,"column":28},"end":{"line":45,"column":29}},"loc":{"start":{"line":45,"column":45},"end":{"line":50,"column":1}},"line":45},"6":{"name":"(anonymous_6)","decl":{"start":{"line":56,"column":24},"end":{"line":56,"column":25}},"loc":{"start":{"line":56,"column":42},"end":{"line":58,"column":1}},"line":56}},"branchMap":{"0":{"loc":{"start":{"line":9,"column":38},"end":{"line":9,"column":46}},"type":"default-arg","locations":[{"start":{"line":9,"column":45},"end":{"line":9,"column":46}}],"line":9},"1":{"loc":{"start":{"line":9,"column":48},"end":{"line":9,"column":58}},"type":"default-arg","locations":[{"start":{"line":9,"column":56},"end":{"line":9,"column":58}}],"line":9},"2":{"loc":{"start":{"line":9,"column":60},"end":{"line":9,"column":71}},"type":"default-arg","locations":[{"start":{"line":9,"column":69},"end":{"line":9,"column":71}}],"line":9},"3":{"loc":{"start":{"line":14,"column":8},"end":{"line":16,"column":5}},"type":"binary-expr","locations":[{"start":{"line":14,"column":8},"end":{"line":14,"column":14}},{"start":{"line":14,"column":18},"end":{"line":16,"column":5}}],"line":14}},"s":{"0":0,"1":0,"2":0,"3":0,"4":0,"5":0,"6":0,"7":0,"8":0,"9":0,"10":0,"11":0,"12":0,"13":0,"14":0,"15":0,"16":0,"17":0,"18":0,"19":0},"f":{"0":0,"1":0,"2":0,"3":0,"4":0,"5":0,"6":0},"b":{"0":[0],"1":[0],"2":[0],"3":[0,0]},"all":true},"X:\\PP\\abdul-baseer-mern-10pshine\\backend\\src\\dal\\users.dal.js":{"path":"X:\\PP\\abdul-baseer-mern-10pshine\\backend\\src\\dal\\users.dal.js","statementMap":{"0":{"start":{"line":1,"column":13},"end":{"line":1,"column":44}},"1":{"start":{"line":3,"column":19},"end":{"line":5,"column":1}},"2":{"start":{"line":4,"column":2},"end":{"line":4,"column":37}},"3":{"start":{"line":7,"column":20},"end":{"line":9,"column":1}},"4":{"start":{"line":8,"column":2},"end":{"line":8,"column":39}},"5":{"start":{"line":11,"column":17},"end":{"line":13,"column":1}},"6":{"start":{"line":12,"column":2},"end":{"line":12,"column":60}},"7":{"start":{"line":15,"column":19},"end":{"line":21,"column":1}},"8":{"start":{"line":16,"column":2},"end":{"line":20,"column":31}},"9":{"start":{"line":27,"column":19},"end":{"line":36,"column":1}},"10":{"start":{"line":28,"column":15},"end":{"line":28,"column":38}},"11":{"start":{"line":29,"column":2},"end":{"line":31,"column":3}},"12":{"start":{"line":30,"column":4},"end":{"line":30,"column":16}},"13":{"start":{"line":34,"column":2},"end":{"line":34,"column":25}},"14":{"start":{"line":35,"column":2},"end":{"line":35,"column":14}},"15":{"start":{"line":38,"column":0},"end":{"line":38,"column":79}}},"fnMap":{"0":{"name":"(anonymous_0)","decl":{"start":{"line":3,"column":19},"end":{"line":3,"column":20}},"loc":{"start":{"line":3,"column":39},"end":{"line":5,"column":1}},"line":3},"1":{"name":"(anonymous_1)","decl":{"start":{"line":7,"column":20},"end":{"line":7,"column":21}},"loc":{"start":{"line":7,"column":37},"end":{"line":9,"column":1}},"line":7},"2":{"name":"(anonymous_2)","decl":{"start":{"line":11,"column":17},"end":{"line":11,"column":18}},"loc":{"start":{"line":11,"column":31},"end":{"line":13,"column":1}},"line":11},"3":{"name":"(anonymous_3)","decl":{"start":{"line":15,"column":19},"end":{"line":15,"column":20}},"loc":{"start":{"line":15,"column":45},"end":{"line":21,"column":1}},"line":15},"4":{"name":"(anonymous_4)","decl":{"start":{"line":27,"column":19},"end":{"line":27,"column":20}},"loc":{"start":{"line":27,"column":33},"end":{"line":36,"column":1}},"line":27}},"branchMap":{"0":{"loc":{"start":{"line":29,"column":2},"end":{"line":31,"column":3}},"type":"if","locations":[{"start":{"line":29,"column":2},"end":{"line":31,"column":3}},{"start":{},"end":{}}],"line":29}},"s":{"0":0,"1":0,"2":0,"3":0,"4":0,"5":0,"6":0,"7":0,"8":0,"9":0,"10":0,"11":0,"12":0,"13":0,"14":0,"15":0},"f":{"0":0,"1":0,"2":0,"3":0,"4":0},"b":{"0":[0,0]},"all":true},"X:\\PP\\abdul-baseer-mern-10pshine\\backend\\src\\middleware\\auth.middleware.js":{"path":"X:\\PP\\abdul-baseer-mern-10pshine\\backend\\src\\middleware\\auth.middleware.js","statementMap":{"0":{"start":{"line":1,"column":12},"end":{"line":1,"column":35}},"1":{"start":{"line":2,"column":23},"end":{"line":2,"column":47}},"2":{"start":{"line":3,"column":21},"end":{"line":3,"column":48}},"3":{"start":{"line":4,"column":17},"end":{"line":4,"column":45}},"4":{"start":{"line":5,"column":21},"end":{"line":5,"column":53}},"5":{"start":{"line":8,"column":16},"end":{"line":66,"column":2}},"6":{"start":{"line":12,"column":2},"end":{"line":14,"column":3}},"7":{"start":{"line":13,"column":4},"end":{"line":13,"column":52}},"8":{"start":{"line":16,"column":2},"end":{"line":18,"column":3}},"9":{"start":{"line":17,"column":4},"end":{"line":17,"column":65}},"10":{"start":{"line":21,"column":2},"end":{"line":38,"column":3}},"11":{"start":{"line":23,"column":4},"end":{"line":23,"column":44}},"12":{"start":{"line":27,"column":6},"end":{"line":29,"column":33}},"13":{"start":{"line":31,"column":4},"end":{"line":35,"column":7}},"14":{"start":{"line":37,"column":4},"end":{"line":37,"column":42}},"15":{"start":{"line":40,"column":2},"end":{"line":42,"column":3}},"16":{"start":{"line":41,"column":4},"end":{"line":41,"column":55}},"17":{"start":{"line":46,"column":2},"end":{"line":55,"column":3}},"18":{"start":{"line":47,"column":4},"end":{"line":47,"column":38}},"19":{"start":{"line":50,"column":4},"end":{"line":53,"column":7}},"20":{"start":{"line":54,"column":4},"end":{"line":54,"column":67}},"21":{"start":{"line":57,"column":2},"end":{"line":62,"column":3}},"22":{"start":{"line":58,"column":4},"end":{"line":60,"column":7}},"23":{"start":{"line":61,"column":4},"end":{"line":61,"column":53}},"24":{"start":{"line":64,"column":2},"end":{"line":64,"column":18}},"25":{"start":{"line":65,"column":2},"end":{"line":65,"column":9}},"26":{"start":{"line":68,"column":0},"end":{"line":68,"column":29}}},"fnMap":{"0":{"name":"(anonymous_0)","decl":{"start":{"line":8,"column":29},"end":{"line":8,"column":30}},"loc":{"start":{"line":8,"column":55},"end":{"line":66,"column":1}},"line":8}},"branchMap":{"0":{"loc":{"start":{"line":12,"column":2},"end":{"line":14,"column":3}},"type":"if","locations":[{"start":{"line":12,"column":2},"end":{"line":14,"column":3}},{"start":{},"end":{}}],"line":12},"1":{"loc":{"start":{"line":16,"column":2},"end":{"line":18,"column":3}},"type":"if","locations":[{"start":{"line":16,"column":2},"end":{"line":18,"column":3}},{"start":{},"end":{}}],"line":16},"2":{"loc":{"start":{"line":27,"column":6},"end":{"line":29,"column":33}},"type":"cond-expr","locations":[{"start":{"line":27,"column":41},"end":{"line":27,"column":60}},{"start":{"line":28,"column":6},"end":{"line":29,"column":33}}],"line":27},"3":{"loc":{"start":{"line":28,"column":6},"end":{"line":29,"column":33}},"type":"cond-expr","locations":[{"start":{"line":28,"column":41},"end":{"line":28,"column":56}},{"start":{"line":29,"column":6},"end":{"line":29,"column":33}}],"line":28},"4":{"loc":{"start":{"line":40,"column":2},"end":{"line":42,"column":3}},"type":"if","locations":[{"start":{"line":40,"column":2},"end":{"line":42,"column":3}},{"start":{},"end":{}}],"line":40},"5":{"loc":{"start":{"line":57,"column":2},"end":{"line":62,"column":3}},"type":"if","locations":[{"start":{"line":57,"column":2},"end":{"line":62,"column":3}},{"start":{},"end":{}}],"line":57}},"s":{"0":0,"1":0,"2":0,"3":0,"4":0,"5":0,"6":0,"7":0,"8":0,"9":0,"10":0,"11":0,"12":0,"13":0,"14":0,"15":0,"16":0,"17":0,"18":0,"19":0,"20":0,"21":0,"22":0,"23":0,"24":0,"25":0,"26":0},"f":{"0":0},"b":{"0":[0,0],"1":[0,0],"2":[0,0],"3":[0,0],"4":[0,0],"5":[0,0]},"all":true},"X:\\PP\\abdul-baseer-mern-10pshine\\backend\\src\\middleware\\errorHandler.middleware.js":{"path":"X:\\PP\\abdul-baseer-mern-10pshine\\backend\\src\\middleware\\errorHandler.middleware.js","statementMap":{"0":{"start":{"line":1,"column":15},"end":{"line":1,"column":42}},"1":{"start":{"line":3,"column":21},"end":{"line":26,"column":1}},"2":{"start":{"line":4,"column":21},"end":{"line":4,"column":42}},"3":{"start":{"line":6,"column":2},"end":{"line":17,"column":30}},"4":{"start":{"line":19,"column":2},"end":{"line":25,"column":5}},"5":{"start":{"line":28,"column":0},"end":{"line":28,"column":30}}},"fnMap":{"0":{"name":"(anonymous_0)","decl":{"start":{"line":3,"column":21},"end":{"line":3,"column":22}},"loc":{"start":{"line":3,"column":46},"end":{"line":26,"column":1}},"line":3}},"branchMap":{"0":{"loc":{"start":{"line":4,"column":21},"end":{"line":4,"column":42}},"type":"binary-expr","locations":[{"start":{"line":4,"column":21},"end":{"line":4,"column":35}},{"start":{"line":4,"column":39},"end":{"line":4,"column":42}}],"line":4},"1":{"loc":{"start":{"line":22,"column":13},"end":{"line":22,"column":51}},"type":"binary-expr","locations":[{"start":{"line":22,"column":13},"end":{"line":22,"column":24}},{"start":{"line":22,"column":28},"end":{"line":22,"column":51}}],"line":22},"2":{"loc":{"start":{"line":23,"column":12},"end":{"line":23,"column":28}},"type":"binary-expr","locations":[{"start":{"line":23,"column":12},"end":{"line":23,"column":22}},{"start":{"line":23,"column":26},"end":{"line":23,"column":28}}],"line":23},"3":{"loc":{"start":{"line":24,"column":11},"end":{"line":24,"column":73}},"type":"cond-expr","locations":[{"start":{"line":24,"column":52},"end":{"line":24,"column":61}},{"start":{"line":24,"column":64},"end":{"line":24,"column":73}}],"line":24}},"s":{"0":0,"1":0,"2":0,"3":0,"4":0,"5":0},"f":{"0":0},"b":{"0":[0,0],"1":[0,0],"2":[0,0],"3":[0,0]},"all":true},"X:\\PP\\abdul-baseer-mern-10pshine\\backend\\src\\middleware\\requestLogger.middleware.js":{"path":"X:\\PP\\abdul-baseer-mern-10pshine\\backend\\src\\middleware\\requestLogger.middleware.js","statementMap":{"0":{"start":{"line":1,"column":17},"end":{"line":1,"column":37}},"1":{"start":{"line":2,"column":15},"end":{"line":2,"column":42}},"2":{"start":{"line":4,"column":22},"end":{"line":30,"column":2}},"3":{"start":{"line":7,"column":4},"end":{"line":7,"column":60}},"4":{"start":{"line":9,"column":4},"end":{"line":9,"column":74}},"5":{"start":{"line":18,"column":6},"end":{"line":22,"column":8}},"6":{"start":{"line":25,"column":6},"end":{"line":27,"column":8}},"7":{"start":{"line":32,"column":0},"end":{"line":32,"column":31}}},"fnMap":{"0":{"name":"(anonymous_0)","decl":{"start":{"line":6,"column":24},"end":{"line":6,"column":25}},"loc":{"start":{"line":7,"column":4},"end":{"line":7,"column":60}},"line":7},"1":{"name":"(anonymous_1)","decl":{"start":{"line":8,"column":22},"end":{"line":8,"column":23}},"loc":{"start":{"line":9,"column":4},"end":{"line":9,"column":74}},"line":9},"2":{"name":"(anonymous_2)","decl":{"start":{"line":17,"column":4},"end":{"line":17,"column":5}},"loc":{"start":{"line":17,"column":13},"end":{"line":23,"column":5}},"line":17},"3":{"name":"(anonymous_3)","decl":{"start":{"line":24,"column":4},"end":{"line":24,"column":5}},"loc":{"start":{"line":24,"column":13},"end":{"line":28,"column":5}},"line":24}},"branchMap":{},"s":{"0":0,"1":0,"2":0,"3":0,"4":0,"5":0,"6":0,"7":0},"f":{"0":0,"1":0,"2":0,"3":0},"b":{},"all":true},"X:\\PP\\abdul-baseer-mern-10pshine\\backend\\src\\middleware\\validate.middleware.js":{"path":"X:\\PP\\abdul-baseer-mern-10pshine\\backend\\src\\middleware\\validate.middleware.js","statementMap":{"0":{"start":{"line":1,"column":12},"end":{"line":1,"column":26}},"1":{"start":{"line":2,"column":17},"end":{"line":2,"column":45}},"2":{"start":{"line":4,"column":17},"end":{"line":11,"column":1}},"3":{"start":{"line":4,"column":29},"end":{"line":11,"column":1}},"4":{"start":{"line":5,"column":20},"end":{"line":5,"column":68}},"5":{"start":{"line":6,"column":2},"end":{"line":9,"column":3}},"6":{"start":{"line":7,"column":21},"end":{"line":7,"column":56}},"7":{"start":{"line":7,"column":46},"end":{"line":7,"column":55}},"8":{"start":{"line":8,"column":4},"end":{"line":8,"column":59}},"9":{"start":{"line":10,"column":2},"end":{"line":10,"column":9}},"10":{"start":{"line":13,"column":21},"end":{"line":17,"column":2}},"11":{"start":{"line":19,"column":20},"end":{"line":22,"column":2}},"12":{"start":{"line":24,"column":28},"end":{"line":26,"column":2}},"13":{"start":{"line":28,"column":29},"end":{"line":31,"column":2}},"14":{"start":{"line":33,"column":0},"end":{"line":39,"column":2}}},"fnMap":{"0":{"name":"(anonymous_0)","decl":{"start":{"line":4,"column":17},"end":{"line":4,"column":18}},"loc":{"start":{"line":4,"column":29},"end":{"line":11,"column":1}},"line":4},"1":{"name":"(anonymous_1)","decl":{"start":{"line":4,"column":29},"end":{"line":4,"column":30}},"loc":{"start":{"line":4,"column":49},"end":{"line":11,"column":1}},"line":4},"2":{"name":"(anonymous_2)","decl":{"start":{"line":7,"column":39},"end":{"line":7,"column":40}},"loc":{"start":{"line":7,"column":46},"end":{"line":7,"column":55}},"line":7}},"branchMap":{"0":{"loc":{"start":{"line":6,"column":2},"end":{"line":9,"column":3}},"type":"if","locations":[{"start":{"line":6,"column":2},"end":{"line":9,"column":3}},{"start":{},"end":{}}],"line":6}},"s":{"0":0,"1":0,"2":0,"3":0,"4":0,"5":0,"6":0,"7":0,"8":0,"9":0,"10":0,"11":0,"12":0,"13":0,"14":0},"f":{"0":0,"1":0,"2":0},"b":{"0":[0,0]},"all":true},"X:\\PP\\abdul-baseer-mern-10pshine\\backend\\src\\migrations\\backfillNoteId.js":{"path":"X:\\PP\\abdul-baseer-mern-10pshine\\backend\\src\\migrations\\backfillNoteId.js","statementMap":{"0":{"start":{"line":10,"column":17},"end":{"line":10,"column":36}},"1":{"start":{"line":11,"column":23},"end":{"line":11,"column":38}},"2":{"start":{"line":12,"column":15},"end":{"line":12,"column":42}},"3":{"start":{"line":15,"column":13},"end":{"line":15,"column":44}},"4":{"start":{"line":21,"column":24},"end":{"line":66,"column":1}},"5":{"start":{"line":22,"column":2},"end":{"line":65,"column":3}},"6":{"start":{"line":24,"column":31},"end":{"line":24,"column":64}},"7":{"start":{"line":26,"column":4},"end":{"line":29,"column":5}},"8":{"start":{"line":27,"column":6},"end":{"line":27,"column":80}},"9":{"start":{"line":28,"column":6},"end":{"line":28,"column":51}},"10":{"start":{"line":31,"column":4},"end":{"line":33,"column":6}},"11":{"start":{"line":35,"column":18},"end":{"line":35,"column":19}},"12":{"start":{"line":36,"column":19},"end":{"line":36,"column":21}},"13":{"start":{"line":38,"column":4},"end":{"line":55,"column":5}},"14":{"start":{"line":39,"column":6},"end":{"line":54,"column":7}},"15":{"start":{"line":41,"column":8},"end":{"line":41,"column":31}},"16":{"start":{"line":42,"column":8},"end":{"line":42,"column":26}},"17":{"start":{"line":43,"column":8},"end":{"line":43,"column":18}},"18":{"start":{"line":45,"column":8},"end":{"line":47,"column":9}},"19":{"start":{"line":46,"column":10},"end":{"line":46,"column":85}},"20":{"start":{"line":49,"column":8},"end":{"line":52,"column":11}},"21":{"start":{"line":53,"column":8},"end":{"line":53,"column":78}},"22":{"start":{"line":57,"column":4},"end":{"line":59,"column":6}},"23":{"start":{"line":61,"column":4},"end":{"line":61,"column":61}},"24":{"start":{"line":63,"column":4},"end":{"line":63,"column":45}},"25":{"start":{"line":64,"column":4},"end":{"line":64,"column":16}},"26":{"start":{"line":72,"column":0},"end":{"line":104,"column":1}},"27":{"start":{"line":73,"column":2},"end":{"line":103,"column":7}},"28":{"start":{"line":74,"column":4},"end":{"line":102,"column":5}},"29":{"start":{"line":76,"column":20},"end":{"line":76,"column":84}},"30":{"start":{"line":77,"column":6},"end":{"line":77,"column":36}},"31":{"start":{"line":78,"column":6},"end":{"line":78,"column":42}},"32":{"start":{"line":81,"column":21},"end":{"line":81,"column":44}},"33":{"start":{"line":84,"column":6},"end":{"line":93,"column":7}},"34":{"start":{"line":85,"column":8},"end":{"line":85,"column":77}},"35":{"start":{"line":87,"column":8},"end":{"line":89,"column":10}},"36":{"start":{"line":90,"column":8},"end":{"line":92,"column":9}},"37":{"start":{"line":91,"column":10},"end":{"line":91,"column":50}},"38":{"start":{"line":95,"column":6},"end":{"line":95,"column":43}},"39":{"start":{"line":97,"column":6},"end":{"line":97,"column":58}},"40":{"start":{"line":98,"column":6},"end":{"line":98,"column":22}},"41":{"start":{"line":100,"column":6},"end":{"line":100,"column":40}},"42":{"start":{"line":101,"column":6},"end":{"line":101,"column":47}},"43":{"start":{"line":106,"column":0},"end":{"line":106,"column":37}}},"fnMap":{"0":{"name":"(anonymous_0)","decl":{"start":{"line":21,"column":24},"end":{"line":21,"column":25}},"loc":{"start":{"line":21,"column":36},"end":{"line":66,"column":1}},"line":21},"1":{"name":"(anonymous_1)","decl":{"start":{"line":73,"column":3},"end":{"line":73,"column":4}},"loc":{"start":{"line":73,"column":15},"end":{"line":103,"column":3}},"line":73}},"branchMap":{"0":{"loc":{"start":{"line":26,"column":4},"end":{"line":29,"column":5}},"type":"if","locations":[{"start":{"line":26,"column":4},"end":{"line":29,"column":5}},{"start":{},"end":{}}],"line":26},"1":{"loc":{"start":{"line":45,"column":8},"end":{"line":47,"column":9}},"type":"if","locations":[{"start":{"line":45,"column":8},"end":{"line":47,"column":9}},{"start":{},"end":{}}],"line":45},"2":{"loc":{"start":{"line":72,"column":0},"end":{"line":104,"column":1}},"type":"if","locations":[{"start":{"line":72,"column":0},"end":{"line":104,"column":1}},{"start":{},"end":{}}],"line":72},"3":{"loc":{"start":{"line":76,"column":20},"end":{"line":76,"column":84}},"type":"binary-expr","locations":[{"start":{"line":76,"column":20},"end":{"line":76,"column":43}},{"start":{"line":76,"column":47},"end":{"line":76,"column":84}}],"line":76},"4":{"loc":{"start":{"line":84,"column":6},"end":{"line":93,"column":7}},"type":"if","locations":[{"start":{"line":84,"column":6},"end":{"line":93,"column":7}},{"start":{"line":86,"column":13},"end":{"line":93,"column":7}}],"line":84},"5":{"loc":{"start":{"line":90,"column":8},"end":{"line":92,"column":9}},"type":"if","locations":[{"start":{"line":90,"column":8},"end":{"line":92,"column":9}},{"start":{},"end":{}}],"line":90},"6":{"loc":{"start":{"line":95,"column":19},"end":{"line":95,"column":41}},"type":"cond-expr","locations":[{"start":{"line":95,"column":36},"end":{"line":95,"column":37}},{"start":{"line":95,"column":40},"end":{"line":95,"column":41}}],"line":95}},"s":{"0":0,"1":0,"2":0,"3":0,"4":0,"5":0,"6":0,"7":0,"8":0,"9":0,"10":0,"11":0,"12":0,"13":0,"14":0,"15":0,"16":0,"17":0,"18":0,"19":0,"20":0,"21":0,"22":0,"23":0,"24":0,"25":0,"26":0,"27":0,"28":0,"29":0,"30":0,"31":0,"32":0,"33":0,"34":0,"35":0,"36":0,"37":0,"38":0,"39":0,"40":0,"41":0,"42":0,"43":0},"f":{"0":0,"1":0},"b":{"0":[0,0],"1":[0,0],"2":[0,0],"3":[0,0],"4":[0,0],"5":[0,0],"6":[0,0]},"all":true},"X:\\PP\\abdul-baseer-mern-10pshine\\backend\\src\\migrations\\fixShareTokenIndex.js":{"path":"X:\\PP\\abdul-baseer-mern-10pshine\\backend\\src\\migrations\\fixShareTokenIndex.js","statementMap":{"0":{"start":{"line":6,"column":17},"end":{"line":6,"column":36}},"1":{"start":{"line":7,"column":15},"end":{"line":7,"column":42}},"2":{"start":{"line":8,"column":22},"end":{"line":8,"column":46}},"3":{"start":{"line":10,"column":27},"end":{"line":41,"column":1}},"4":{"start":{"line":11,"column":2},"end":{"line":40,"column":3}},"5":{"start":{"line":13,"column":4},"end":{"line":13,"column":38}},"6":{"start":{"line":14,"column":4},"end":{"line":14,"column":40}},"7":{"start":{"line":17,"column":15},"end":{"line":17,"column":37}},"8":{"start":{"line":18,"column":23},"end":{"line":18,"column":45}},"9":{"start":{"line":21,"column":4},"end":{"line":30,"column":5}},"10":{"start":{"line":22,"column":6},"end":{"line":22,"column":49}},"11":{"start":{"line":23,"column":6},"end":{"line":23,"column":54}},"12":{"start":{"line":25,"column":6},"end":{"line":29,"column":7}},"13":{"start":{"line":26,"column":8},"end":{"line":26,"column":79}},"14":{"start":{"line":28,"column":8},"end":{"line":28,"column":18}},"15":{"start":{"line":33,"column":4},"end":{"line":33,"column":36}},"16":{"start":{"line":34,"column":4},"end":{"line":34,"column":92}},"17":{"start":{"line":36,"column":4},"end":{"line":36,"column":20}},"18":{"start":{"line":38,"column":4},"end":{"line":38,"column":53}},"19":{"start":{"line":39,"column":4},"end":{"line":39,"column":20}},"20":{"start":{"line":44,"column":0},"end":{"line":44,"column":21}}},"fnMap":{"0":{"name":"(anonymous_0)","decl":{"start":{"line":10,"column":27},"end":{"line":10,"column":28}},"loc":{"start":{"line":10,"column":39},"end":{"line":41,"column":1}},"line":10}},"branchMap":{"0":{"loc":{"start":{"line":25,"column":6},"end":{"line":29,"column":7}},"type":"if","locations":[{"start":{"line":25,"column":6},"end":{"line":29,"column":7}},{"start":{"line":27,"column":13},"end":{"line":29,"column":7}}],"line":25}},"s":{"0":0,"1":0,"2":0,"3":0,"4":0,"5":0,"6":0,"7":0,"8":0,"9":0,"10":0,"11":0,"12":0,"13":0,"14":0,"15":0,"16":0,"17":0,"18":0,"19":0,"20":0},"f":{"0":0},"b":{"0":[0,0]},"all":true},"X:\\PP\\abdul-baseer-mern-10pshine\\backend\\src\\models\\Note.model.js":{"path":"X:\\PP\\abdul-baseer-mern-10pshine\\backend\\src\\models\\Note.model.js","statementMap":{"0":{"start":{"line":1,"column":17},"end":{"line":1,"column":36}},"1":{"start":{"line":2,"column":23},"end":{"line":2,"column":38}},"2":{"start":{"line":4,"column":19},"end":{"line":59,"column":1}},"3":{"start":{"line":28,"column":21},"end":{"line":28,"column":29}},"4":{"start":{"line":69,"column":28},"end":{"line":79,"column":1}},"5":{"start":{"line":71,"column":2},"end":{"line":78,"column":3}},"6":{"start":{"line":72,"column":4},"end":{"line":72,"column":27}},"7":{"start":{"line":73,"column":9},"end":{"line":78,"column":3}},"8":{"start":{"line":75,"column":4},"end":{"line":77,"column":5}},"9":{"start":{"line":76,"column":6},"end":{"line":76,"column":31}},"10":{"start":{"line":82,"column":0},"end":{"line":82,"column":44}},"11":{"start":{"line":85,"column":0},"end":{"line":100,"column":3}},"12":{"start":{"line":86,"column":17},"end":{"line":86,"column":33}},"13":{"start":{"line":87,"column":2},"end":{"line":99,"column":3}},"14":{"start":{"line":89,"column":4},"end":{"line":98,"column":5}},"15":{"start":{"line":91,"column":6},"end":{"line":97,"column":7}},"16":{"start":{"line":92,"column":8},"end":{"line":92,"column":33}},"17":{"start":{"line":93,"column":13},"end":{"line":97,"column":7}},"18":{"start":{"line":94,"column":8},"end":{"line":96,"column":9}},"19":{"start":{"line":95,"column":10},"end":{"line":95,"column":37}},"20":{"start":{"line":105,"column":0},"end":{"line":105,"column":47}},"21":{"start":{"line":108,"column":0},"end":{"line":108,"column":61}},"22":{"start":{"line":111,"column":0},"end":{"line":111,"column":74}},"23":{"start":{"line":114,"column":0},"end":{"line":114,"column":50}},"24":{"start":{"line":118,"column":0},"end":{"line":125,"column":2}},"25":{"start":{"line":127,"column":13},"end":{"line":127,"column":47}},"26":{"start":{"line":128,"column":0},"end":{"line":128,"column":22}}},"fnMap":{"0":{"name":"(anonymous_0)","decl":{"start":{"line":28,"column":15},"end":{"line":28,"column":16}},"loc":{"start":{"line":28,"column":21},"end":{"line":28,"column":29}},"line":28},"1":{"name":"(anonymous_1)","decl":{"start":{"line":69,"column":28},"end":{"line":69,"column":29}},"loc":{"start":{"line":69,"column":39},"end":{"line":79,"column":1}},"line":69},"2":{"name":"(anonymous_2)","decl":{"start":{"line":85,"column":35},"end":{"line":85,"column":36}},"loc":{"start":{"line":85,"column":46},"end":{"line":100,"column":1}},"line":85}},"branchMap":{"0":{"loc":{"start":{"line":71,"column":2},"end":{"line":78,"column":3}},"type":"if","locations":[{"start":{"line":71,"column":2},"end":{"line":78,"column":3}},{"start":{"line":73,"column":9},"end":{"line":78,"column":3}}],"line":71},"1":{"loc":{"start":{"line":73,"column":9},"end":{"line":78,"column":3}},"type":"if","locations":[{"start":{"line":73,"column":9},"end":{"line":78,"column":3}},{"start":{},"end":{}}],"line":73},"2":{"loc":{"start":{"line":75,"column":4},"end":{"line":77,"column":5}},"type":"if","locations":[{"start":{"line":75,"column":4},"end":{"line":77,"column":5}},{"start":{},"end":{}}],"line":75},"3":{"loc":{"start":{"line":75,"column":8},"end":{"line":75,"column":80}},"type":"binary-expr","locations":[{"start":{"line":75,"column":8},"end":{"line":75,"column":24}},{"start":{"line":75,"column":28},"end":{"line":75,"column":80}}],"line":75},"4":{"loc":{"start":{"line":87,"column":2},"end":{"line":99,"column":3}},"type":"if","locations":[{"start":{"line":87,"column":2},"end":{"line":99,"column":3}},{"start":{},"end":{}}],"line":87},"5":{"loc":{"start":{"line":87,"column":6},"end":{"line":87,"column":42}},"type":"binary-expr","locations":[{"start":{"line":87,"column":6},"end":{"line":87,"column":12}},{"start":{"line":87,"column":16},"end":{"line":87,"column":42}}],"line":87},"6":{"loc":{"start":{"line":89,"column":4},"end":{"line":98,"column":5}},"type":"if","locations":[{"start":{"line":89,"column":4},"end":{"line":98,"column":5}},{"start":{},"end":{}}],"line":89},"7":{"loc":{"start":{"line":89,"column":8},"end":{"line":89,"column":72}},"type":"binary-expr","locations":[{"start":{"line":89,"column":8},"end":{"line":89,"column":37}},{"start":{"line":89,"column":41},"end":{"line":89,"column":72}}],"line":89},"8":{"loc":{"start":{"line":91,"column":6},"end":{"line":97,"column":7}},"type":"if","locations":[{"start":{"line":91,"column":6},"end":{"line":97,"column":7}},{"start":{"line":93,"column":13},"end":{"line":97,"column":7}}],"line":91},"9":{"loc":{"start":{"line":91,"column":10},"end":{"line":91,"column":55}},"type":"binary-expr","locations":[{"start":{"line":91,"column":10},"end":{"line":91,"column":25}},{"start":{"line":91,"column":29},"end":{"line":91,"column":55}}],"line":91},"10":{"loc":{"start":{"line":93,"column":13},"end":{"line":97,"column":7}},"type":"if","locations":[{"start":{"line":93,"column":13},"end":{"line":97,"column":7}},{"start":{},"end":{}}],"line":93},"11":{"loc":{"start":{"line":94,"column":8},"end":{"line":96,"column":9}},"type":"if","locations":[{"start":{"line":94,"column":8},"end":{"line":96,"column":9}},{"start":{},"end":{}}],"line":94},"12":{"loc":{"start":{"line":94,"column":12},"end":{"line":94,"column":88}},"type":"binary-expr","locations":[{"start":{"line":94,"column":12},"end":{"line":94,"column":30}},{"start":{"line":94,"column":34},"end":{"line":94,"column":88}}],"line":94}},"s":{"0":0,"1":0,"2":0,"3":0,"4":0,"5":0,"6":0,"7":0,"8":0,"9":0,"10":0,"11":0,"12":0,"13":0,"14":0,"15":0,"16":0,"17":0,"18":0,"19":0,"20":0,"21":0,"22":0,"23":0,"24":0,"25":0,"26":0},"f":{"0":0,"1":0,"2":0},"b":{"0":[0,0],"1":[0,0],"2":[0,0],"3":[0,0],"4":[0,0],"5":[0,0],"6":[0,0],"7":[0,0],"8":[0,0],"9":[0,0],"10":[0,0],"11":[0,0],"12":[0,0]},"all":true},"X:\\PP\\abdul-baseer-mern-10pshine\\backend\\src\\models\\User.model.js":{"path":"X:\\PP\\abdul-baseer-mern-10pshine\\backend\\src\\models\\User.model.js","statementMap":{"0":{"start":{"line":1,"column":17},"end":{"line":1,"column":36}},"1":{"start":{"line":2,"column":15},"end":{"line":2,"column":34}},"2":{"start":{"line":4,"column":19},"end":{"line":49,"column":1}},"3":{"start":{"line":52,"column":0},"end":{"line":55,"column":3}},"4":{"start":{"line":53,"column":2},"end":{"line":53,"column":43}},"5":{"start":{"line":53,"column":36},"end":{"line":53,"column":43}},"6":{"start":{"line":54,"column":2},"end":{"line":54,"column":55}},"7":{"start":{"line":62,"column":0},"end":{"line":74,"column":3}},"8":{"start":{"line":63,"column":2},"end":{"line":71,"column":3}},"9":{"start":{"line":64,"column":17},"end":{"line":64,"column":39}},"10":{"start":{"line":65,"column":19},"end":{"line":65,"column":62}},"11":{"start":{"line":67,"column":4},"end":{"line":67,"column":77}},"12":{"start":{"line":69,"column":4},"end":{"line":69,"column":55}},"13":{"start":{"line":70,"column":4},"end":{"line":70,"column":16}},"14":{"start":{"line":76,"column":0},"end":{"line":78,"column":2}},"15":{"start":{"line":77,"column":2},"end":{"line":77,"column":64}},"16":{"start":{"line":80,"column":13},"end":{"line":80,"column":47}},"17":{"start":{"line":81,"column":0},"end":{"line":81,"column":22}}},"fnMap":{"0":{"name":"(anonymous_0)","decl":{"start":{"line":52,"column":23},"end":{"line":52,"column":24}},"loc":{"start":{"line":52,"column":41},"end":{"line":55,"column":1}},"line":52},"1":{"name":"(anonymous_1)","decl":{"start":{"line":62,"column":62},"end":{"line":62,"column":63}},"loc":{"start":{"line":62,"column":80},"end":{"line":74,"column":1}},"line":62},"2":{"name":"(anonymous_2)","decl":{"start":{"line":76,"column":37},"end":{"line":76,"column":38}},"loc":{"start":{"line":76,"column":72},"end":{"line":78,"column":1}},"line":76}},"branchMap":{"0":{"loc":{"start":{"line":53,"column":2},"end":{"line":53,"column":43}},"type":"if","locations":[{"start":{"line":53,"column":2},"end":{"line":53,"column":43}},{"start":{},"end":{}}],"line":53}},"s":{"0":0,"1":0,"2":0,"3":0,"4":0,"5":0,"6":0,"7":0,"8":0,"9":0,"10":0,"11":0,"12":0,"13":0,"14":0,"15":0,"16":0,"17":0},"f":{"0":0,"1":0,"2":0},"b":{"0":[0,0]},"all":true},"X:\\PP\\abdul-baseer-mern-10pshine\\backend\\src\\routes\\auth.routes.js":{"path":"X:\\PP\\abdul-baseer-mern-10pshine\\backend\\src\\routes\\auth.routes.js","statementMap":{"0":{"start":{"line":1,"column":16},"end":{"line":1,"column":34}},"1":{"start":{"line":2,"column":15},"end":{"line":2,"column":31}},"2":{"start":{"line":3,"column":95},"end":{"line":3,"column":136}},"3":{"start":{"line":4,"column":20},"end":{"line":4,"column":60}},"4":{"start":{"line":5,"column":48},"end":{"line":5,"column":92}},"5":{"start":{"line":7,"column":0},"end":{"line":7,"column":55}},"6":{"start":{"line":8,"column":0},"end":{"line":8,"column":56}},"7":{"start":{"line":9,"column":0},"end":{"line":9,"column":40}},"8":{"start":{"line":10,"column":0},"end":{"line":10,"column":34}},"9":{"start":{"line":13,"column":0},"end":{"line":13,"column":38}},"10":{"start":{"line":14,"column":0},"end":{"line":14,"column":45}},"11":{"start":{"line":15,"column":0},"end":{"line":15,"column":50}},"12":{"start":{"line":17,"column":0},"end":{"line":17,"column":24}}},"fnMap":{},"branchMap":{},"s":{"0":0,"1":0,"2":0,"3":0,"4":0,"5":0,"6":0,"7":0,"8":0,"9":0,"10":0,"11":0,"12":0},"f":{},"b":{},"all":true},"X:\\PP\\abdul-baseer-mern-10pshine\\backend\\src\\routes\\index.js":{"path":"X:\\PP\\abdul-baseer-mern-10pshine\\backend\\src\\routes\\index.js","statementMap":{"0":{"start":{"line":1,"column":16},"end":{"line":1,"column":34}},"1":{"start":{"line":2,"column":15},"end":{"line":2,"column":31}},"2":{"start":{"line":4,"column":19},"end":{"line":4,"column":43}},"3":{"start":{"line":5,"column":20},"end":{"line":5,"column":45}},"4":{"start":{"line":6,"column":20},"end":{"line":6,"column":45}},"5":{"start":{"line":7,"column":22},"end":{"line":7,"column":49}},"6":{"start":{"line":9,"column":0},"end":{"line":9,"column":32}},"7":{"start":{"line":10,"column":0},"end":{"line":10,"column":34}},"8":{"start":{"line":11,"column":0},"end":{"line":11,"column":34}},"9":{"start":{"line":12,"column":0},"end":{"line":12,"column":38}},"10":{"start":{"line":14,"column":0},"end":{"line":14,"column":24}}},"fnMap":{},"branchMap":{},"s":{"0":0,"1":0,"2":0,"3":0,"4":0,"5":0,"6":0,"7":0,"8":0,"9":0,"10":0},"f":{},"b":{},"all":true},"X:\\PP\\abdul-baseer-mern-10pshine\\backend\\src\\routes\\notes.routes.js":{"path":"X:\\PP\\abdul-baseer-mern-10pshine\\backend\\src\\routes\\notes.routes.js","statementMap":{"0":{"start":{"line":1,"column":16},"end":{"line":1,"column":34}},"1":{"start":{"line":2,"column":16},"end":{"line":2,"column":32}},"2":{"start":{"line":14,"column":4},"end":{"line":14,"column":46}},"3":{"start":{"line":15,"column":20},"end":{"line":15,"column":60}},"4":{"start":{"line":20,"column":0},"end":{"line":20,"column":44}},"5":{"start":{"line":24,"column":0},"end":{"line":24,"column":20}},"6":{"start":{"line":28,"column":0},"end":{"line":28,"column":36}},"7":{"start":{"line":29,"column":0},"end":{"line":29,"column":36}},"8":{"start":{"line":33,"column":0},"end":{"line":33,"column":40}},"9":{"start":{"line":37,"column":0},"end":{"line":37,"column":36}},"10":{"start":{"line":41,"column":0},"end":{"line":41,"column":34}},"11":{"start":{"line":42,"column":0},"end":{"line":42,"column":35}},"12":{"start":{"line":43,"column":0},"end":{"line":43,"column":35}},"13":{"start":{"line":44,"column":0},"end":{"line":44,"column":34}},"14":{"start":{"line":45,"column":0},"end":{"line":45,"column":34}},"15":{"start":{"line":48,"column":0},"end":{"line":48,"column":24}}},"fnMap":{},"branchMap":{},"s":{"0":0,"1":0,"2":0,"3":0,"4":0,"5":0,"6":0,"7":0,"8":0,"9":0,"10":0,"11":0,"12":0,"13":0,"14":0,"15":0},"f":{},"b":{},"all":true},"X:\\PP\\abdul-baseer-mern-10pshine\\backend\\src\\routes\\profile.routes.js":{"path":"X:\\PP\\abdul-baseer-mern-10pshine\\backend\\src\\routes\\profile.routes.js","statementMap":{"0":{"start":{"line":1,"column":16},"end":{"line":1,"column":34}},"1":{"start":{"line":2,"column":15},"end":{"line":2,"column":31}},"2":{"start":{"line":3,"column":51},"end":{"line":3,"column":95}},"3":{"start":{"line":4,"column":20},"end":{"line":4,"column":60}},"4":{"start":{"line":5,"column":38},"end":{"line":5,"column":64}},"5":{"start":{"line":8,"column":0},"end":{"line":8,"column":20}},"6":{"start":{"line":11,"column":0},"end":{"line":11,"column":99}},"7":{"start":{"line":14,"column":0},"end":{"line":14,"column":51}},"8":{"start":{"line":16,"column":0},"end":{"line":16,"column":24}}},"fnMap":{},"branchMap":{},"s":{"0":0,"1":0,"2":0,"3":0,"4":0,"5":0,"6":0,"7":0,"8":0},"f":{},"b":{},"all":true},"X:\\PP\\abdul-baseer-mern-10pshine\\backend\\src\\routes\\users.routes.js":{"path":"X:\\PP\\abdul-baseer-mern-10pshine\\backend\\src\\routes\\users.routes.js","statementMap":{"0":{"start":{"line":1,"column":16},"end":{"line":1,"column":34}},"1":{"start":{"line":2,"column":15},"end":{"line":2,"column":31}},"2":{"start":{"line":8,"column":4},"end":{"line":8,"column":46}},"3":{"start":{"line":9,"column":20},"end":{"line":9,"column":60}},"4":{"start":{"line":11,"column":0},"end":{"line":11,"column":20}},"5":{"start":{"line":13,"column":0},"end":{"line":13,"column":35}},"6":{"start":{"line":14,"column":0},"end":{"line":14,"column":38}},"7":{"start":{"line":15,"column":0},"end":{"line":15,"column":41}},"8":{"start":{"line":16,"column":0},"end":{"line":16,"column":47}},"9":{"start":{"line":18,"column":0},"end":{"line":18,"column":24}}},"fnMap":{},"branchMap":{},"s":{"0":0,"1":0,"2":0,"3":0,"4":0,"5":0,"6":0,"7":0,"8":0,"9":0},"f":{},"b":{},"all":true},"X:\\PP\\abdul-baseer-mern-10pshine\\backend\\src\\server.js":{"path":"X:\\PP\\abdul-baseer-mern-10pshine\\backend\\src\\server.js","statementMap":{"0":{"start":{"line":1,"column":13},"end":{"line":1,"column":33}},"1":{"start":{"line":2,"column":12},"end":{"line":2,"column":28}},"2":{"start":{"line":3,"column":18},"end":{"line":3,"column":40}},"3":{"start":{"line":4,"column":17},"end":{"line":4,"column":40}},"4":{"start":{"line":5,"column":15},"end":{"line":5,"column":41}},"5":{"start":{"line":6,"column":23},"end":{"line":6,"column":49}},"6":{"start":{"line":8,"column":20},"end":{"line":22,"column":1}},"7":{"start":{"line":9,"column":2},"end":{"line":9,"column":20}},"8":{"start":{"line":12,"column":21},"end":{"line":12,"column":43}},"9":{"start":{"line":15,"column":2},"end":{"line":15,"column":25}},"10":{"start":{"line":18,"column":2},"end":{"line":21,"column":5}},"11":{"start":{"line":19,"column":4},"end":{"line":19,"column":65}},"12":{"start":{"line":20,"column":4},"end":{"line":20,"column":44}},"13":{"start":{"line":24,"column":0},"end":{"line":24,"column":14}}},"fnMap":{"0":{"name":"(anonymous_0)","decl":{"start":{"line":8,"column":20},"end":{"line":8,"column":21}},"loc":{"start":{"line":8,"column":32},"end":{"line":22,"column":1}},"line":8},"1":{"name":"(anonymous_1)","decl":{"start":{"line":18,"column":26},"end":{"line":18,"column":27}},"loc":{"start":{"line":18,"column":32},"end":{"line":21,"column":3}},"line":18}},"branchMap":{},"s":{"0":0,"1":0,"2":0,"3":0,"4":0,"5":0,"6":0,"7":0,"8":0,"9":0,"10":0,"11":0,"12":0,"13":0},"f":{"0":0,"1":0},"b":{},"all":true},"X:\\PP\\abdul-baseer-mern-10pshine\\backend\\src\\services\\auth.service.js":{"path":"X:\\PP\\abdul-baseer-mern-10pshine\\backend\\src\\services\\auth.service.js","statementMap":{"0":{"start":{"line":1,"column":12},"end":{"line":1,"column":35}},"1":{"start":{"line":2,"column":58},"end":{"line":2,"column":85}},"2":{"start":{"line":3,"column":15},"end":{"line":3,"column":34}},"3":{"start":{"line":4,"column":13},"end":{"line":4,"column":44}},"4":{"start":{"line":5,"column":17},"end":{"line":5,"column":45}},"5":{"start":{"line":6,"column":39},"end":{"line":6,"column":63}},"6":{"start":{"line":7,"column":15},"end":{"line":7,"column":42}},"7":{"start":{"line":8,"column":53},"end":{"line":8,"column":88}},"8":{"start":{"line":9,"column":58},"end":{"line":9,"column":81}},"9":{"start":{"line":10,"column":25},"end":{"line":10,"column":55}},"10":{"start":{"line":13,"column":23},"end":{"line":13,"column":95}},"11":{"start":{"line":15,"column":22},"end":{"line":17,"column":1}},"12":{"start":{"line":16,"column":2},"end":{"line":16,"column":77}},"13":{"start":{"line":19,"column":17},"end":{"line":81,"column":1}},"14":{"start":{"line":20,"column":2},"end":{"line":20,"column":54}},"15":{"start":{"line":23,"column":2},"end":{"line":26,"column":3}},"16":{"start":{"line":24,"column":4},"end":{"line":24,"column":73}},"17":{"start":{"line":25,"column":4},"end":{"line":25,"column":52}},"18":{"start":{"line":29,"column":24},"end":{"line":29,"column":56}},"19":{"start":{"line":30,"column":2},"end":{"line":33,"column":3}},"20":{"start":{"line":31,"column":4},"end":{"line":31,"column":90}},"21":{"start":{"line":32,"column":4},"end":{"line":32,"column":78}},"22":{"start":{"line":36,"column":2},"end":{"line":39,"column":3}},"23":{"start":{"line":37,"column":4},"end":{"line":37,"column":66}},"24":{"start":{"line":38,"column":4},"end":{"line":38,"column":145}},"25":{"start":{"line":41,"column":23},"end":{"line":41,"column":47}},"26":{"start":{"line":42,"column":2},"end":{"line":45,"column":3}},"27":{"start":{"line":43,"column":4},"end":{"line":43,"column":73}},"28":{"start":{"line":44,"column":4},"end":{"line":44,"column":52}},"29":{"start":{"line":47,"column":15},"end":{"line":47,"column":82}},"30":{"start":{"line":48,"column":16},"end":{"line":48,"column":39}},"31":{"start":{"line":51,"column":2},"end":{"line":68,"column":3}},"32":{"start":{"line":52,"column":16},"end":{"line":52,"column":29}},"33":{"start":{"line":53,"column":20},"end":{"line":53,"column":32}},"34":{"start":{"line":55,"column":4},"end":{"line":61,"column":7}},"35":{"start":{"line":63,"column":4},"end":{"line":63,"column":45}},"36":{"start":{"line":64,"column":4},"end":{"line":64,"column":87}},"37":{"start":{"line":66,"column":4},"end":{"line":66,"column":95}},"38":{"start":{"line":70,"column":2},"end":{"line":80,"column":4}},"39":{"start":{"line":83,"column":14},"end":{"line":120,"column":1}},"40":{"start":{"line":84,"column":2},"end":{"line":84,"column":47}},"41":{"start":{"line":86,"column":15},"end":{"line":86,"column":64}},"42":{"start":{"line":87,"column":2},"end":{"line":90,"column":3}},"43":{"start":{"line":88,"column":4},"end":{"line":88,"column":61}},"44":{"start":{"line":89,"column":4},"end":{"line":89,"column":57}},"45":{"start":{"line":92,"column":18},"end":{"line":92,"column":63}},"46":{"start":{"line":93,"column":2},"end":{"line":96,"column":3}},"47":{"start":{"line":94,"column":4},"end":{"line":94,"column":64}},"48":{"start":{"line":95,"column":4},"end":{"line":95,"column":57}},"49":{"start":{"line":98,"column":16},"end":{"line":98,"column":39}},"50":{"start":{"line":100,"column":2},"end":{"line":100,"column":74}},"51":{"start":{"line":103,"column":21},"end":{"line":103,"column":38}},"52":{"start":{"line":104,"column":2},"end":{"line":107,"column":3}},"53":{"start":{"line":105,"column":20},"end":{"line":105,"column":70}},"54":{"start":{"line":106,"column":4},"end":{"line":106,"column":47}},"55":{"start":{"line":109,"column":2},"end":{"line":119,"column":4}},"56":{"start":{"line":122,"column":16},"end":{"line":152,"column":1}},"57":{"start":{"line":123,"column":2},"end":{"line":123,"column":54}},"58":{"start":{"line":125,"column":2},"end":{"line":127,"column":3}},"59":{"start":{"line":126,"column":4},"end":{"line":126,"column":52}},"60":{"start":{"line":129,"column":15},"end":{"line":129,"column":39}},"61":{"start":{"line":130,"column":2},"end":{"line":132,"column":3}},"62":{"start":{"line":131,"column":4},"end":{"line":131,"column":47}},"63":{"start":{"line":135,"column":2},"end":{"line":137,"column":3}},"64":{"start":{"line":136,"column":4},"end":{"line":136,"column":51}},"65":{"start":{"line":139,"column":14},"end":{"line":139,"column":27}},"66":{"start":{"line":140,"column":18},"end":{"line":140,"column":30}},"67":{"start":{"line":142,"column":2},"end":{"line":148,"column":5}},"68":{"start":{"line":150,"column":2},"end":{"line":150,"column":42}},"69":{"start":{"line":151,"column":2},"end":{"line":151,"column":59}},"70":{"start":{"line":154,"column":22},"end":{"line":195,"column":1}},"71":{"start":{"line":155,"column":2},"end":{"line":155,"column":56}},"72":{"start":{"line":157,"column":2},"end":{"line":159,"column":3}},"73":{"start":{"line":158,"column":4},"end":{"line":158,"column":52}},"74":{"start":{"line":161,"column":15},"end":{"
[...]
":2},"end":{"line":82,"column":3}},"47":{"start":{"line":80,"column":4},"end":{"line":80,"column":71}},"48":{"start":{"line":81,"column":4},"end":{"line":81,"column":46}},"49":{"start":{"line":84,"column":18},"end":{"line":84,"column":66}},"50":{"start":{"line":85,"column":2},"end":{"line":88,"column":3}},"51":{"start":{"line":86,"column":4},"end":{"line":86,"column":79}},"52":{"start":{"line":87,"column":4},"end":{"line":87,"column":57}},"53":{"start":{"line":90,"column":2},"end":{"line":90,"column":30}},"54":{"start":{"line":91,"column":2},"end":{"line":91,"column":20}},"55":{"start":{"line":93,"column":2},"end":{"line":93,"column":59}},"56":{"start":{"line":96,"column":0},"end":{"line":96,"column":78}}},"fnMap":{"0":{"name":"(anonymous_0)","decl":{"start":{"line":13,"column":31},"end":{"line":13,"column":32}},"loc":{"start":{"line":13,"column":41},"end":{"line":25,"column":1}},"line":13},"1":{"name":"(anonymous_1)","decl":{"start":{"line":27,"column":19},"end":{"line":27,"column":20}},"loc":{"start":{"line":27,"column":37},"end":{"line":38,"column":1}},"line":27},"2":{"name":"(anonymous_2)","decl":{"start":{"line":40,"column":22},"end":{"line":40,"column":23}},"loc":{"start":{"line":40,"column":52},"end":{"line":54,"column":1}},"line":40},"3":{"name":"(anonymous_3)","decl":{"start":{"line":56,"column":22},"end":{"line":56,"column":23}},"loc":{"start":{"line":56,"column":40},"end":{"line":67,"column":1}},"line":56},"4":{"name":"(anonymous_4)","decl":{"start":{"line":69,"column":23},"end":{"line":69,"column":24}},"loc":{"start":{"line":69,"column":67},"end":{"line":94,"column":1}},"line":69}},"branchMap":{"0":{"loc":{"start":{"line":14,"column":2},"end":{"line":14,"column":25}},"type":"if","locations":[{"start":{"line":14,"column":2},"end":{"line":14,"column":25}},{"start":{},"end":{}}],"line":14},"1":{"loc":{"start":{"line":16,"column":18},"end":{"line":16,"column":56}},"type":"cond-expr","locations":[{"start":{"line":16,"column":34},"end":{"line":16,"column":49}},{"start":{"line":16,"column":52},"end":{"line":16,"column":56}}],"line":16},"2":{"loc":{"start":{"line":19,"column":2},"end":{"line":22,"column":3}},"type":"if","locations":[{"start":{"line":19,"column":2},"end":{"line":22,"column":3}},{"start":{},"end":{}}],"line":19},"3":{"loc":{"start":{"line":19,"column":6},"end":{"line":19,"column":70}},"type":"binary-expr","locations":[{"start":{"line":19,"column":6},"end":{"line":19,"column":26}},{"start":{"line":19,"column":30},"end":{"line":19,"column":70}}],"line":19},"4":{"loc":{"start":{"line":20,"column":20},"end":{"line":20,"column":70}},"type":"binary-expr","locations":[{"start":{"line":20,"column":20},"end":{"line":20,"column":43}},{"start":{"line":20,"column":47},"end":{"line":20,"column":70}}],"line":20},"5":{"loc":{"start":{"line":31,"column":2},"end":{"line":34,"column":3}},"type":"if","locations":[{"start":{"line":31,"column":2},"end":{"line":34,"column":3}},{"start":{},"end":{}}],"line":31},"6":{"loc":{"start":{"line":47,"column":2},"end":{"line":50,"column":3}},"type":"if","locations":[{"start":{"line":47,"column":2},"end":{"line":50,"column":3}},{"start":{},"end":{}}],"line":47},"7":{"loc":{"start":{"line":60,"column":2},"end":{"line":63,"column":3}},"type":"if","locations":[{"start":{"line":60,"column":2},"end":{"line":63,"column":3}},{"start":{},"end":{}}],"line":60},"8":{"loc":{"start":{"line":73,"column":2},"end":{"line":76,"column":3}},"type":"if","locations":[{"start":{"line":73,"column":2},"end":{"line":76,"column":3}},{"start":{},"end":{}}],"line":73},"9":{"loc":{"start":{"line":79,"column":2},"end":{"line":82,"column":3}},"type":"if","locations":[{"start":{"line":79,"column":2},"end":{"line":82,"column":3}},{"start":{},"end":{}}],"line":79},"10":{"loc":{"start":{"line":85,"column":2},"end":{"line":88,"column":3}},"type":"if","locations":[{"start":{"line":85,"column":2},"end":{"line":88,"column":3}},{"start":{},"end":{}}],"line":85}},"s":{"0":0,"1":0,"2":0,"3":0,"4":0,"5":0,"6":0,"7":0,"8":0,"9":0,"10":0,"11":0,"12":0,"13":0,"14":0,"15":0,"16":0,"17":0,"18":0,"19":0,"20":0,"21":0,"22":0,"23":0,"24":0,"25":0,"26":0,"27":0,"28":0,"29":0,"30":0,"31":0,"32":0,"33":0,"34":0,"35":0,"36":0,"37":0,"38":0,"39":0,"40":0,"41":0,"42":0,"43":0,"44":0,"45":0,"46":0,"47":0,"48":0,"49":0,"50":0,"51":0,"52":0,"53":0,"54":0,"55":0,"56":0},"f":{"0":0,"1":0,"2":0,"3":0,"4":0},"b":{"0":[0,0],"1":[0,0],"2":[0,0],"3":[0,0],"4":[0,0],"5":[0,0],"6":[0,0],"7":[0,0],"8":[0,0],"9":[0,0],"10":[0,0]},"all":true},"X:\\PP\\abdul-baseer-mern-10pshine\\backend\\src\\utils\\ApiError.js":{"path":"X:\\PP\\abdul-baseer-mern-10pshine\\backend\\src\\utils\\ApiError.js","statementMap":{"0":{"start":{"line":3,"column":4},"end":{"line":3,"column":19}},"1":{"start":{"line":4,"column":4},"end":{"line":4,"column":33}},"2":{"start":{"line":5,"column":4},"end":{"line":5,"column":27}},"3":{"start":{"line":6,"column":4},"end":{"line":6,"column":25}},"4":{"start":{"line":7,"column":4},"end":{"line":7,"column":25}},"5":{"start":{"line":9,"column":4},"end":{"line":13,"column":5}},"6":{"start":{"line":10,"column":6},"end":{"line":10,"column":25}},"7":{"start":{"line":12,"column":6},"end":{"line":12,"column":54}},"8":{"start":{"line":17,"column":0},"end":{"line":17,"column":26}}},"fnMap":{"0":{"name":"(anonymous_0)","decl":{"start":{"line":2,"column":2},"end":{"line":2,"column":3}},"loc":{"start":{"line":2,"column":60},"end":{"line":14,"column":3}},"line":2}},"branchMap":{"0":{"loc":{"start":{"line":2,"column":35},"end":{"line":2,"column":46}},"type":"default-arg","locations":[{"start":{"line":2,"column":44},"end":{"line":2,"column":46}}],"line":2},"1":{"loc":{"start":{"line":2,"column":48},"end":{"line":2,"column":58}},"type":"default-arg","locations":[{"start":{"line":2,"column":56},"end":{"line":2,"column":58}}],"line":2},"2":{"loc":{"start":{"line":9,"column":4},"end":{"line":13,"column":5}},"type":"if","locations":[{"start":{"line":9,"column":4},"end":{"line":13,"column":5}},{"start":{"line":11,"column":11},"end":{"line":13,"column":5}}],"line":9}},"s":{"0":0,"1":0,"2":0,"3":0,"4":0,"5":0,"6":0,"7":0,"8":0},"f":{"0":0},"b":{"0":[0],"1":[0],"2":[0,0]},"all":true},"X:\\PP\\abdul-baseer-mern-10pshine\\backend\\src\\utils\\ApiResponse.js":{"path":"X:\\PP\\abdul-baseer-mern-10pshine\\backend\\src\\utils\\ApiResponse.js","statementMap":{"0":{"start":{"line":3,"column":4},"end":{"line":3,"column":33}},"1":{"start":{"line":4,"column":4},"end":{"line":4,"column":21}},"2":{"start":{"line":5,"column":4},"end":{"line":5,"column":27}},"3":{"start":{"line":6,"column":4},"end":{"line":6,"column":36}},"4":{"start":{"line":11,"column":4},"end":{"line":16,"column":6}},"5":{"start":{"line":20,"column":0},"end":{"line":20,"column":29}}},"fnMap":{"0":{"name":"(anonymous_0)","decl":{"start":{"line":2,"column":2},"end":{"line":2,"column":3}},"loc":{"start":{"line":2,"column":53},"end":{"line":7,"column":3}},"line":2},"1":{"name":"(anonymous_1)","decl":{"start":{"line":10,"column":2},"end":{"line":10,"column":3}},"loc":{"start":{"line":10,"column":11},"end":{"line":17,"column":3}},"line":10}},"branchMap":{"0":{"loc":{"start":{"line":2,"column":32},"end":{"line":2,"column":51}},"type":"default-arg","locations":[{"start":{"line":2,"column":42},"end":{"line":2,"column":51}}],"line":2}},"s":{"0":0,"1":0,"2":0,"3":0,"4":0,"5":0},"f":{"0":0,"1":0},"b":{"0":[0]},"all":true},"X:\\PP\\abdul-baseer-mern-10pshine\\backend\\src\\utils\\asyncHandler.js":{"path":"X:\\PP\\abdul-baseer-mern-10pshine\\backend\\src\\utils\\asyncHandler.js","statementMap":{"0":{"start":{"line":1,"column":21},"end":{"line":7,"column":1}},"1":{"start":{"line":1,"column":29},"end":{"line":7,"column":1}},"2":{"start":{"line":2,"column":2},"end":{"line":6,"column":3}},"3":{"start":{"line":3,"column":4},"end":{"line":3,"column":29}},"4":{"start":{"line":5,"column":4},"end":{"line":5,"column":16}},"5":{"start":{"line":9,"column":0},"end":{"line":9,"column":30}}},"fnMap":{"0":{"name":"(anonymous_0)","decl":{"start":{"line":1,"column":21},"end":{"line":1,"column":22}},"loc":{"start":{"line":1,"column":29},"end":{"line":7,"column":1}},"line":1},"1":{"name":"(anonymous_1)","decl":{"start":{"line":1,"column":29},"end":{"line":1,"column":30}},"loc":{"start":{"line":1,"column":55},"end":{"line":7,"column":1}},"line":1}},"branchMap":{},"s":{"0":0,"1":0,"2":0,"3":0,"4":0,"5":0},"f":{"0":0,"1":0},"b":{},"all":true},"X:\\PP\\abdul-baseer-mern-10pshine\\backend\\src\\utils\\emailValidation.js":{"path":"X:\\PP\\abdul-baseer-mern-10pshine\\backend\\src\\utils\\emailValidation.js","statementMap":{"0":{"start":{"line":1,"column":12},"end":{"line":1,"column":40}},"1":{"start":{"line":2,"column":15},"end":{"line":2,"column":42}},"2":{"start":{"line":9,"column":28},"end":{"line":13,"column":1}},"3":{"start":{"line":11,"column":21},"end":{"line":11,"column":63}},"4":{"start":{"line":12,"column":2},"end":{"line":12,"column":32}},"5":{"start":{"line":22,"column":28},"end":{"line":53,"column":1}},"6":{"start":{"line":23,"column":2},"end":{"line":52,"column":3}},"7":{"start":{"line":24,"column":19},"end":{"line":24,"column":38}},"8":{"start":{"line":25,"column":4},"end":{"line":25,"column":30}},"9":{"start":{"line":25,"column":17},"end":{"line":25,"column":30}},"10":{"start":{"line":28,"column":22},"end":{"line":28,"column":49}},"11":{"start":{"line":29,"column":4},"end":{"line":29,"column":60}},"12":{"start":{"line":32,"column":4},"end":{"line":32,"column":73}},"13":{"start":{"line":37,"column":30},"end":{"line":40,"column":5}},"14":{"start":{"line":41,"column":19},"end":{"line":41,"column":53}},"15":{"start":{"line":43,"column":4},"end":{"line":46,"column":5}},"16":{"start":{"line":44,"column":6},"end":{"line":44,"column":77}},"17":{"start":{"line":45,"column":6},"end":{"line":45,"column":18}},"18":{"start":{"line":50,"column":4},"end":{"line":50,"column":77}},"19":{"start":{"line":51,"column":4},"end":{"line":51,"column":17}},"20":{"start":{"line":55,"column":0},"end":{"line":55,"column":62}}},"fnMap":{"0":{"name":"(anonymous_0)","decl":{"start":{"line":9,"column":28},"end":{"line":9,"column":29}},"loc":{"start":{"line":9,"column":39},"end":{"line":13,"column":1}},"line":9},"1":{"name":"(anonymous_1)","decl":{"start":{"line":22,"column":28},"end":{"line":22,"column":29}},"loc":{"start":{"line":22,"column":45},"end":{"line":53,"column":1}},"line":22}},"branchMap":{"0":{"loc":{"start":{"line":25,"column":4},"end":{"line":25,"column":30}},"type":"if","locations":[{"start":{"line":25,"column":4},"end":{"line":25,"column":30}},{"start":{},"end":{}}],"line":25},"1":{"loc":{"start":{"line":29,"column":11},"end":{"line":29,"column":59}},"type":"binary-expr","locations":[{"start":{"line":29,"column":11},"end":{"line":29,"column":35}},{"start":{"line":29,"column":39},"end":{"line":29,"column":59}}],"line":29},"2":{"loc":{"start":{"line":43,"column":4},"end":{"line":46,"column":5}},"type":"if","locations":[{"start":{"line":43,"column":4},"end":{"line":46,"column":5}},{"start":{},"end":{}}],"line":43},"3":{"loc":{"start":{"line":43,"column":8},"end":{"line":43,"column":52}},"type":"binary-expr","locations":[{"start":{"line":43,"column":8},"end":{"line":43,"column":14}},{"start":{"line":43,"column":18},"end":{"line":43,"column":52}}],"line":43}},"s":{"0":0,"1":0,"2":0,"3":0,"4":0,"5":0,"6":0,"7":0,"8":0,"9":0,"10":0,"11":0,"12":0,"13":0,"14":0,"15":0,"16":0,"17":0,"18":0,"19":0,"20":0},"f":{"0":0,"1":0},"b":{"0":[0,0],"1":[0,0],"2":[0,0],"3":[0,0]},"all":true},"X:\\PP\\abdul-baseer-mern-10pshine\\backend\\src\\utils\\nodemailer.js":{"path":"X:\\PP\\abdul-baseer-mern-10pshine\\backend\\src\\utils\\nodemailer.js","statementMap":{"0":{"start":{"line":1,"column":19},"end":{"line":1,"column":40}},"1":{"start":{"line":2,"column":85},"end":{"line":2,"column":109}},"2":{"start":{"line":3,"column":15},"end":{"line":3,"column":42}},"3":{"start":{"line":6,"column":20},"end":{"line":14,"column":2}},"4":{"start":{"line":23,"column":21},"end":{"line":84,"column":1}},"5":{"start":{"line":24,"column":2},"end":{"line":83,"column":3}},"6":{"start":{"line":25,"column":20},"end":{"line":27,"column":39}},"7":{"start":{"line":29,"column":18},"end":{"line":31,"column":24}},"8":{"start":{"line":33,"column":24},"end":{"line":70,"column":5}},"9":{"start":{"line":72,"column":4},"end":{"line":77,"column":7}},"10":{"start":{"line":79,"column":4},"end":{"line":79,"column":67}},"11":{"start":{"line":81,"column":4},"end":{"line":81,"column":78}},"12":{"start":{"line":82,"column":4},"end":{"line":82,"column":48}},"13":{"start":{"line":86,"column":0},"end":{"line":86,"column":47}}},"fnMap":{"0":{"name":"(anonymous_0)","decl":{"start":{"line":23,"column":21},"end":{"line":23,"column":22}},"loc":{"start":{"line":23,"column":52},"end":{"line":84,"column":1}},"line":23}},"branchMap":{"0":{"loc":{"start":{"line":25,"column":20},"end":{"line":27,"column":39}},"type":"cond-expr","locations":[{"start":{"line":26,"column":8},"end":{"line":26,"column":42}},{"start":{"line":27,"column":8},"end":{"line":27,"column":39}}],"line":25},"1":{"loc":{"start":{"line":29,"column":18},"end":{"line":31,"column":24}},"type":"cond-expr","locations":[{"start":{"line":30,"column":8},"end":{"line":30,"column":28}},{"start":{"line":31,"column":8},"end":{"line":31,"column":24}}],"line":29},"2":{"loc":{"start":{"line":56,"column":52},"end":{"line":56,"column":114}},"type":"cond-expr","locations":[{"start":{"line":56,"column":75},"end":{"line":56,"column":95}},{"start":{"line":56,"column":98},"end":{"line":56,"column":114}}],"line":56}},"s":{"0":0,"1":0,"2":0,"3":0,"4":0,"5":0,"6":0,"7":0,"8":0,"9":0,"10":0,"11":0,"12":0,"13":0},"f":{"0":0},"b":{"0":[0,0],"1":[0,0],"2":[0,0]},"all":true},"X:\\PP\\abdul-baseer-mern-10pshine\\backend\\src\\utils\\otp.js":{"path":"X:\\PP\\abdul-baseer-mern-10pshine\\backend\\src\\utils\\otp.js","statementMap":{"0":{"start":{"line":1,"column":15},"end":{"line":1,"column":37}},"1":{"start":{"line":7,"column":20},"end":{"line":9,"column":1}},"2":{"start":{"line":8,"column":2},"end":{"line":8,"column":64}},"3":{"start":{"line":16,"column":16},"end":{"line":18,"column":1}},"4":{"start":{"line":17,"column":2},"end":{"line":17,"column":63}},"5":{"start":{"line":26,"column":18},"end":{"line":29,"column":1}},"6":{"start":{"line":27,"column":20},"end":{"line":27,"column":37}},"7":{"start":{"line":28,"column":2},"end":{"line":28,"column":34}},"8":{"start":{"line":35,"column":21},"end":{"line":37,"column":1}},"9":{"start":{"line":36,"column":2},"end":{"line":36,"column":47}},"10":{"start":{"line":39,"column":0},"end":{"line":39,"column":67}}},"fnMap":{"0":{"name":"(anonymous_0)","decl":{"start":{"line":7,"column":20},"end":{"line":7,"column":21}},"loc":{"start":{"line":7,"column":26},"end":{"line":9,"column":1}},"line":7},"1":{"name":"(anonymous_1)","decl":{"start":{"line":16,"column":16},"end":{"line":16,"column":17}},"loc":{"start":{"line":16,"column":25},"end":{"line":18,"column":1}},"line":16},"2":{"name":"(anonymous_2)","decl":{"start":{"line":26,"column":18},"end":{"line":26,"column":19}},"loc":{"start":{"line":26,"column":44},"end":{"line":29,"column":1}},"line":26},"3":{"name":"(anonymous_3)","decl":{"start":{"line":35,"column":21},"end":{"line":35,"column":22}},"loc":{"start":{"line":35,"column":27},"end":{"line":37,"column":1}},"line":35}},"branchMap":{},"s":{"0":0,"1":0,"2":0,"3":0,"4":0,"5":0,"6":0,"7":0,"8":0,"9":0,"10":0},"f":{"0":0,"1":0,"2":0,"3":0},"b":{},"all":true},"X:\\PP\\abdul-baseer-mern-10pshine\\backend\\src\\utils\\upload.js":{"path":"X:\\PP\\abdul-baseer-mern-10pshine\\backend\\src\\utils\\upload.js","statementMap":{"0":{"start":{"line":1,"column":15},"end":{"line":1,"column":32}},"1":{"start":{"line":2,"column":13},"end":{"line":2,"column":33}},"2":{"start":{"line":3,"column":17},"end":{"line":3,"column":38}},"3":{"start":{"line":6,"column":16},"end":{"line":16,"column":2}},"4":{"start":{"line":8,"column":4},"end":{"line":8,"column":61}},"5":{"start":{"line":11,"column":25},"end":{"line":11,"column":75}},"6":{"start":{"line":12,"column":16},"end":{"line":12,"column":47}},"7":{"start":{"line":13,"column":17},"end":{"line":13,"column":54}},"8":{"start":{"line":14,"column":4},"end":{"line":14,"column":46}},"9":{"start":{"line":19,"column":19},"end":{"line":34,"column":1}},"10":{"start":{"line":21,"column":28},"end":{"line":21,"column":146}},"11":{"start":{"line":24,"column":22},"end":{"line":24,"column":68}},"12":{"start":{"line":25,"column":14},"end":{"line":25,"column":59}},"13":{"start":{"line":26,"column":21},"end":{"line":26,"column":52}},"14":{"start":{"line":28,"column":2},"end":{"line":33,"column":3}},"15":{"start":{"line":29,"column":4},"end":{"line":29,"column":19}},"16":{"start":{"line":32,"column":4},"end":{"line":32,"column":101}},"17":{"start":{"line":37,"column":15},"end":{"line":43,"column":2}},"18":{"start":{"line":46,"column":26},"end":{"line":57,"column":1}},"19":{"start":{"line":47,"column":2},"end":{"line":52,"column":3}},"20":{"start":{"line":48,"column":4},"end":{"line":50,"column":5}},"21":{"start":{"line":49,"column":6},"end":{"line":49,"column":86}},"22":{"start":{"line":51,"column":4},"end":{"line":51,"column":64}},"23":{"start":{"line":53,"column":2},"end":{"line":55,"column":3}},"24":{"start":{"line":54,"column":4},"end":{"line":54,"column":83}},"25":{"start":{"line":56,"column":2},"end":{"line":56,"column":9}},"26":{"start":{"line":59,"column":0},"end":{"line":59,"column":47}}},"fnMap":{"0":{"name":"(anonymous_0)","decl":{"start":{"line":7,"column":15},"end":{"line":7,"column":16}},"loc":{"start":{"line":7,"column":34},"end":{"line":9,"column":3}},"line":7},"1":{"name":"(anonymous_1)","decl":{"start":{"line":10,"column":12},"end":{"line":10,"column":13}},"loc":{"start":{"line":10,"column":31},"end":{"line":15,"column":3}},"line":10},"2":{"name":"(anonymous_2)","decl":{"start":{"line":19,"column":19},"end":{"line":19,"column":20}},"loc":{"start":{"line":19,"column":38},"end":{"line":34,"column":1}},"line":19},"3":{"name":"(anonymous_3)","decl":{"start":{"line":46,"column":26},"end":{"line":46,"column":27}},"loc":{"start":{"line":46,"column":51},"end":{"line":57,"column":1}},"line":46}},"branchMap":{"0":{"loc":{"start":{"line":28,"column":2},"end":{"line":33,"column":3}},"type":"if","locations":[{"start":{"line":28,"column":2},"end":{"line":33,"column":3}},{"start":{"line":30,"column":9},"end":{"line":33,"column":3}}],"line":28},"1":{"loc":{"start":{"line":28,"column":6},"end":{"line":28,"column":31}},"type":"binary-expr","locations":[{"start":{"line":28,"column":6},"end":{"line":28,"column":17}},{"start":{"line":28,"column":21},"end":{"line":28,"column":31}}],"line":28},"2":{"loc":{"start":{"line":32,"column":60},"end":{"line":32,"column":96}},"type":"binary-expr","locations":[{"start":{"line":32,"column":60},"end":{"line":32,"column":73}},{"start":{"line":32,"column":77},"end":{"line":32,"column":96}}],"line":32},"3":{"loc":{"start":{"line":47,"column":2},"end":{"line":52,"column":3}},"type":"if","locations":[{"start":{"line":47,"column":2},"end":{"line":52,"column":3}},{"start":{},"end":{}}],"line":47},"4":{"loc":{"start":{"line":48,"column":4},"end":{"line":50,"column":5}},"type":"if","locations":[{"start":{"line":48,"column":4},"end":{"line":50,"column":5}},{"start":{},"end":{}}],"line":48},"5":{"loc":{"start":{"line":53,"column":2},"end":{"line":55,"column":3}},"type":"if","locations":[{"start":{"line":53,"column":2},"end":{"line":55,"column":3}},{"start":{},"end":{}}],"line":53},"6":{"loc":{"start":{"line":54,"column":50},"end":{"line":54,"column":80}},"type":"binary-expr","locations":[{"start":{"line":54,"column":50},"end":{"line":54,"column":61}},{"start":{"line":54,"column":65},"end":{"line":54,"column":80}}],"line":54}},"s":{"0":0,"1":0,"2":0,"3":0,"4":0,"5":0,"6":0,"7":0,"8":0,"9":0,"10":0,"11":0,"12":0,"13":0,"14":0,"15":0,"16":0,"17":0,"18":0,"19":0,"20":0,"21":0,"22":0,"23":0,"24":0,"25":0,"26":0},"f":{"0":0,"1":0,"2":0,"3":0},"b":{"0":[0,0],"1":[0,0],"2":[0,0],"3":[0,0],"4":[0,0],"5":[0,0],"6":[0,0]},"all":true}}